{"C:\\Users\\Kanarskaya.E\\MyPet\\rsschool-react\\src\\main.tsx": {"path":"C:\\Users\\Kanarskaya.E\\MyPet\\rsschool-react\\src\\main.tsx","all":true,"statementMap":{"0":{"start":{"line":1,"column":0},"end":{"line":1,"column":26}},"1":{"start":{"line":2,"column":0},"end":{"line":2,"column":40}},"2":{"start":{"line":3,"column":0},"end":{"line":3,"column":28}},"3":{"start":{"line":4,"column":0},"end":{"line":4,"column":21}},"5":{"start":{"line":6,"column":0},"end":{"line":6,"column":61}},"6":{"start":{"line":7,"column":0},"end":{"line":7,"column":20}},"7":{"start":{"line":8,"column":0},"end":{"line":8,"column":26}},"8":{"start":{"line":9,"column":0},"end":{"line":9,"column":13}},"9":{"start":{"line":10,"column":0},"end":{"line":10,"column":10}},"10":{"start":{"line":11,"column":0},"end":{"line":11,"column":22}},"11":{"start":{"line":12,"column":0},"end":{"line":12,"column":2}}},"s":{"0":0,"1":0,"2":0,"3":0,"5":0,"6":0,"7":0,"8":0,"9":0,"10":0,"11":0},"branchMap":{"0":{"type":"branch","line":1,"loc":{"start":{"line":1,"column":291},"end":{"line":12,"column":2}},"locations":[{"start":{"line":1,"column":291},"end":{"line":12,"column":2}}]}},"b":{"0":[0]},"fnMap":{"0":{"name":"(empty-report)","decl":{"start":{"line":1,"column":291},"end":{"line":12,"column":2}},"loc":{"start":{"line":1,"column":291},"end":{"line":12,"column":2}},"line":1}},"f":{"0":0}}
,"C:\\Users\\Kanarskaya.E\\MyPet\\rsschool-react\\src\\vite-env.d.ts": {"path":"C:\\Users\\Kanarskaya.E\\MyPet\\rsschool-react\\src\\vite-env.d.ts","all":true,"statementMap":{},"s":{},"branchMap":{"0":{"type":"branch","line":1,"loc":{"start":{"line":1,"column":37},"end":{"line":1,"column":37}},"locations":[{"start":{"line":1,"column":37},"end":{"line":1,"column":37}}]}},"b":{"0":[1]},"fnMap":{"0":{"name":"(empty-report)","decl":{"start":{"line":1,"column":37},"end":{"line":1,"column":37}},"loc":{"start":{"line":1,"column":37},"end":{"line":1,"column":37}},"line":1}},"f":{"0":1}}
,"C:\\Users\\Kanarskaya.E\\MyPet\\rsschool-react\\src\\ContextProvider\\ContextProvider.tsx": {"path":"C:\\Users\\Kanarskaya.E\\MyPet\\rsschool-react\\src\\ContextProvider\\ContextProvider.tsx","all":true,"statementMap":{"0":{"start":{"line":1,"column":0},"end":{"line":1,"column":68}},"7":{"start":{"line":8,"column":0},"end":{"line":8,"column":70}},"9":{"start":{"line":10,"column":0},"end":{"line":10,"column":50}},"10":{"start":{"line":11,"column":0},"end":{"line":11,"column":41}},"11":{"start":{"line":12,"column":0},"end":{"line":12,"column":17}},"12":{"start":{"line":13,"column":0},"end":{"line":13,"column":72}},"13":{"start":{"line":14,"column":0},"end":{"line":14,"column":3}},"14":{"start":{"line":15,"column":0},"end":{"line":15,"column":17}},"15":{"start":{"line":16,"column":0},"end":{"line":16,"column":2}},"21":{"start":{"line":22,"column":0},"end":{"line":22,"column":74}},"22":{"start":{"line":23,"column":0},"end":{"line":23,"column":34}},"23":{"start":{"line":24,"column":0},"end":{"line":24,"column":32}},"24":{"start":{"line":25,"column":0},"end":{"line":25,"column":4}},"25":{"start":{"line":26,"column":0},"end":{"line":26,"column":29}},"26":{"start":{"line":27,"column":0},"end":{"line":27,"column":10}},"27":{"start":{"line":28,"column":0},"end":{"line":28,"column":100}},"29":{"start":{"line":30,"column":0},"end":{"line":30,"column":2}}},"s":{"0":0,"7":0,"9":0,"10":0,"11":0,"12":0,"13":0,"14":0,"15":0,"21":0,"22":0,"23":0,"24":0,"25":0,"26":0,"27":0,"29":0},"branchMap":{"0":{"type":"branch","line":1,"loc":{"start":{"line":1,"column":0},"end":{"line":30,"column":-103}},"locations":[{"start":{"line":1,"column":0},"end":{"line":30,"column":-103}}]}},"b":{"0":[0]},"fnMap":{"0":{"name":"(empty-report)","decl":{"start":{"line":1,"column":0},"end":{"line":30,"column":-103}},"loc":{"start":{"line":1,"column":0},"end":{"line":30,"column":-103}},"line":1}},"f":{"0":0}}
,"C:\\Users\\Kanarskaya.E\\MyPet\\rsschool-react\\src\\api\\api.ts": {"path":"C:\\Users\\Kanarskaya.E\\MyPet\\rsschool-react\\src\\api\\api.ts","all":true,"statementMap":{"0":{"start":{"line":1,"column":0},"end":{"line":1,"column":57}},"2":{"start":{"line":3,"column":0},"end":{"line":3,"column":77}},"3":{"start":{"line":4,"column":0},"end":{"line":4,"column":75}},"4":{"start":{"line":5,"column":0},"end":{"line":5,"column":21}},"5":{"start":{"line":6,"column":0},"end":{"line":6,"column":39}},"6":{"start":{"line":7,"column":0},"end":{"line":7,"column":3}},"8":{"start":{"line":9,"column":0},"end":{"line":9,"column":30}},"9":{"start":{"line":10,"column":0},"end":{"line":10,"column":2}}},"s":{"0":0,"2":0,"3":0,"4":0,"5":0,"6":0,"8":0,"9":0},"branchMap":{"0":{"type":"branch","line":1,"loc":{"start":{"line":1,"column":322},"end":{"line":10,"column":2}},"locations":[{"start":{"line":1,"column":322},"end":{"line":10,"column":2}}]}},"b":{"0":[0]},"fnMap":{"0":{"name":"(empty-report)","decl":{"start":{"line":1,"column":322},"end":{"line":10,"column":2}},"loc":{"start":{"line":1,"column":322},"end":{"line":10,"column":2}},"line":1}},"f":{"0":0}}
,"C:\\Users\\Kanarskaya.E\\MyPet\\rsschool-react\\src\\components\\Card\\Card.tsx": {"path":"C:\\Users\\Kanarskaya.E\\MyPet\\rsschool-react\\src\\components\\Card\\Card.tsx","all":true,"statementMap":{"0":{"start":{"line":1,"column":0},"end":{"line":1,"column":44}},"1":{"start":{"line":2,"column":0},"end":{"line":2,"column":21}},"3":{"start":{"line":4,"column":0},"end":{"line":4,"column":72}},"4":{"start":{"line":5,"column":0},"end":{"line":5,"column":38}},"5":{"start":{"line":6,"column":0},"end":{"line":6,"column":59}},"6":{"start":{"line":7,"column":0},"end":{"line":7,"column":51}},"12":{"start":{"line":13,"column":0},"end":{"line":13,"column":17}},"13":{"start":{"line":14,"column":0},"end":{"line":14,"column":71}},"14":{"start":{"line":15,"column":0},"end":{"line":15,"column":33}},"15":{"start":{"line":16,"column":0},"end":{"line":16,"column":43}},"16":{"start":{"line":17,"column":0},"end":{"line":17,"column":42}},"17":{"start":{"line":18,"column":0},"end":{"line":18,"column":47}},"18":{"start":{"line":19,"column":0},"end":{"line":19,"column":38}},"19":{"start":{"line":20,"column":0},"end":{"line":20,"column":67}},"20":{"start":{"line":21,"column":0},"end":{"line":21,"column":57}},"22":{"start":{"line":23,"column":0},"end":{"line":23,"column":29}},"23":{"start":{"line":24,"column":0},"end":{"line":24,"column":23}},"24":{"start":{"line":25,"column":0},"end":{"line":25,"column":47}},"25":{"start":{"line":26,"column":0},"end":{"line":26,"column":4}},"27":{"start":{"line":28,"column":0},"end":{"line":28,"column":19}},"28":{"start":{"line":29,"column":0},"end":{"line":29,"column":13}},"29":{"start":{"line":30,"column":0},"end":{"line":30,"column":22}},"30":{"start":{"line":31,"column":0},"end":{"line":31,"column":24}},"31":{"start":{"line":32,"column":0},"end":{"line":32,"column":5}},"32":{"start":{"line":33,"column":0},"end":{"line":33,"column":17}},"34":{"start":{"line":35,"column":0},"end":{"line":35,"column":19}},"35":{"start":{"line":36,"column":0},"end":{"line":36,"column":20}},"36":{"start":{"line":37,"column":0},"end":{"line":37,"column":30}},"37":{"start":{"line":38,"column":0},"end":{"line":38,"column":27}},"39":{"start":{"line":40,"column":0},"end":{"line":40,"column":19}},"40":{"start":{"line":41,"column":0},"end":{"line":41,"column":23}},"41":{"start":{"line":42,"column":0},"end":{"line":42,"column":13}},"43":{"start":{"line":44,"column":0},"end":{"line":44,"column":22}},"44":{"start":{"line":45,"column":0},"end":{"line":45,"column":14}},"46":{"start":{"line":47,"column":0},"end":{"line":47,"column":17}},"47":{"start":{"line":48,"column":0},"end":{"line":48,"column":34}},"48":{"start":{"line":49,"column":0},"end":{"line":49,"column":68}},"49":{"start":{"line":50,"column":0},"end":{"line":50,"column":54}},"50":{"start":{"line":51,"column":0},"end":{"line":51,"column":49}},"51":{"start":{"line":52,"column":0},"end":{"line":52,"column":59}},"52":{"start":{"line":53,"column":0},"end":{"line":53,"column":18}},"53":{"start":{"line":54,"column":0},"end":{"line":54,"column":68}},"54":{"start":{"line":55,"column":0},"end":{"line":55,"column":72}},"55":{"start":{"line":56,"column":0},"end":{"line":56,"column":74}},"56":{"start":{"line":57,"column":0},"end":{"line":57,"column":73}},"57":{"start":{"line":58,"column":0},"end":{"line":58,"column":16}},"58":{"start":{"line":59,"column":0},"end":{"line":59,"column":81}},"60":{"start":{"line":61,"column":0},"end":{"line":61,"column":16}},"61":{"start":{"line":62,"column":0},"end":{"line":62,"column":14}},"62":{"start":{"line":63,"column":0},"end":{"line":63,"column":12}},"65":{"start":{"line":66,"column":0},"end":{"line":66,"column":1}},"67":{"start":{"line":68,"column":0},"end":{"line":68,"column":20}}},"s":{"0":0,"1":0,"3":0,"4":0,"5":0,"6":0,"12":0,"13":0,"14":0,"15":0,"16":0,"17":0,"18":0,"19":0,"20":0,"22":0,"23":0,"24":0,"25":0,"27":0,"28":0,"29":0,"30":0,"31":0,"32":0,"34":0,"35":0,"36":0,"37":0,"39":0,"40":0,"41":0,"43":0,"44":0,"46":0,"47":0,"48":0,"49":0,"50":0,"51":0,"52":0,"53":0,"54":0,"55":0,"56":0,"57":0,"58":0,"60":0,"61":0,"62":0,"65":0,"67":0},"branchMap":{"0":{"type":"branch","line":1,"loc":{"start":{"line":1,"column":0},"end":{"line":68,"column":-768}},"locations":[{"start":{"line":1,"column":0},"end":{"line":68,"column":-768}}]}},"b":{"0":[0]},"fnMap":{"0":{"name":"(empty-report)","decl":{"start":{"line":1,"column":0},"end":{"line":68,"column":-768}},"loc":{"start":{"line":1,"column":0},"end":{"line":68,"column":-768}},"line":1}},"f":{"0":0}}
,"C:\\Users\\Kanarskaya.E\\MyPet\\rsschool-react\\src\\components\\ErrorBoundary\\ErrorBoundary.tsx": {"path":"C:\\Users\\Kanarskaya.E\\MyPet\\rsschool-react\\src\\components\\ErrorBoundary\\ErrorBoundary.tsx","all":true,"statementMap":{"0":{"start":{"line":1,"column":0},"end":{"line":1,"column":41}},"9":{"start":{"line":10,"column":0},"end":{"line":10,"column":94}},"10":{"start":{"line":11,"column":0},"end":{"line":11,"column":43}},"11":{"start":{"line":12,"column":0},"end":{"line":12,"column":17}},"12":{"start":{"line":13,"column":0},"end":{"line":13,"column":37}},"13":{"start":{"line":14,"column":0},"end":{"line":14,"column":3}},"15":{"start":{"line":16,"column":0},"end":{"line":16,"column":58}},"16":{"start":{"line":17,"column":0},"end":{"line":17,"column":30}},"17":{"start":{"line":18,"column":0},"end":{"line":18,"column":3}},"19":{"start":{"line":20,"column":0},"end":{"line":20,"column":69}},"20":{"start":{"line":21,"column":0},"end":{"line":21,"column":70}},"21":{"start":{"line":22,"column":0},"end":{"line":22,"column":3}},"23":{"start":{"line":24,"column":0},"end":{"line":24,"column":12}},"24":{"start":{"line":25,"column":0},"end":{"line":25,"column":30}},"25":{"start":{"line":26,"column":0},"end":{"line":26,"column":46}},"26":{"start":{"line":27,"column":0},"end":{"line":27,"column":5}},"28":{"start":{"line":29,"column":0},"end":{"line":29,"column":31}},"29":{"start":{"line":30,"column":0},"end":{"line":30,"column":3}},"30":{"start":{"line":31,"column":0},"end":{"line":31,"column":1}}},"s":{"0":0,"9":0,"10":0,"11":0,"12":0,"13":0,"15":0,"16":0,"17":0,"19":0,"20":0,"21":0,"23":0,"24":0,"25":0,"26":0,"28":0,"29":0,"30":0},"branchMap":{"0":{"type":"branch","line":1,"loc":{"start":{"line":1,"column":0},"end":{"line":31,"column":-81}},"locations":[{"start":{"line":1,"column":0},"end":{"line":31,"column":-81}}]}},"b":{"0":[0]},"fnMap":{"0":{"name":"(empty-report)","decl":{"start":{"line":1,"column":0},"end":{"line":31,"column":-81}},"loc":{"start":{"line":1,"column":0},"end":{"line":31,"column":-81}},"line":1}},"f":{"0":0}}
,"C:\\Users\\Kanarskaya.E\\MyPet\\rsschool-react\\src\\components\\ErrorPage\\ErrorPage.tsx": {"path":"C:\\Users\\Kanarskaya.E\\MyPet\\rsschool-react\\src\\components\\ErrorPage\\ErrorPage.tsx","all":true,"statementMap":{"0":{"start":{"line":1,"column":0},"end":{"line":1,"column":43}},"1":{"start":{"line":2,"column":0},"end":{"line":2,"column":27}},"2":{"start":{"line":3,"column":0},"end":{"line":3,"column":59}},"3":{"start":{"line":4,"column":0},"end":{"line":4,"column":22}},"4":{"start":{"line":5,"column":0},"end":{"line":5,"column":33}},"5":{"start":{"line":6,"column":0},"end":{"line":6,"column":28}},"6":{"start":{"line":7,"column":0},"end":{"line":7,"column":34}},"7":{"start":{"line":8,"column":0},"end":{"line":8,"column":4}},"9":{"start":{"line":10,"column":0},"end":{"line":10,"column":10}},"10":{"start":{"line":11,"column":0},"end":{"line":11,"column":27}},"11":{"start":{"line":12,"column":0},"end":{"line":12,"column":68}},"12":{"start":{"line":13,"column":0},"end":{"line":13,"column":55}},"14":{"start":{"line":15,"column":0},"end":{"line":15,"column":12}},"15":{"start":{"line":16,"column":0},"end":{"line":16,"column":10}},"17":{"start":{"line":18,"column":0},"end":{"line":18,"column":1}},"19":{"start":{"line":20,"column":0},"end":{"line":20,"column":25}}},"s":{"0":0,"1":0,"2":0,"3":0,"4":0,"5":0,"6":0,"7":0,"9":0,"10":0,"11":0,"12":0,"14":0,"15":0,"17":0,"19":0},"branchMap":{"0":{"type":"branch","line":1,"loc":{"start":{"line":1,"column":0},"end":{"line":20,"column":-307}},"locations":[{"start":{"line":1,"column":0},"end":{"line":20,"column":-307}}]}},"b":{"0":[0]},"fnMap":{"0":{"name":"(empty-report)","decl":{"start":{"line":1,"column":0},"end":{"line":20,"column":-307}},"loc":{"start":{"line":1,"column":0},"end":{"line":20,"column":-307}},"line":1}},"f":{"0":0}}
,"C:\\Users\\Kanarskaya.E\\MyPet\\rsschool-react\\src\\components\\ListBlock\\ListBlock.tsx": {"path":"C:\\Users\\Kanarskaya.E\\MyPet\\rsschool-react\\src\\components\\ListBlock\\ListBlock.tsx","all":false,"statementMap":{"0":{"start":{"line":1,"column":0},"end":{"line":1,"column":27}},"2":{"start":{"line":3,"column":0},"end":{"line":3,"column":46}},"9":{"start":{"line":10,"column":0},"end":{"line":10,"column":48}},"10":{"start":{"line":11,"column":0},"end":{"line":11,"column":37}},"11":{"start":{"line":12,"column":0},"end":{"line":12,"column":41}},"12":{"start":{"line":13,"column":0},"end":{"line":13,"column":3}},"14":{"start":{"line":15,"column":0},"end":{"line":15,"column":10}},"15":{"start":{"line":16,"column":0},"end":{"line":16,"column":37}},"16":{"start":{"line":17,"column":0},"end":{"line":17,"column":61}},"17":{"start":{"line":18,"column":0},"end":{"line":18,"column":19}},"18":{"start":{"line":19,"column":0},"end":{"line":19,"column":18}},"19":{"start":{"line":20,"column":0},"end":{"line":20,"column":17}},"20":{"start":{"line":21,"column":0},"end":{"line":21,"column":21}},"21":{"start":{"line":22,"column":0},"end":{"line":22,"column":23}},"22":{"start":{"line":23,"column":0},"end":{"line":23,"column":27}},"23":{"start":{"line":24,"column":0},"end":{"line":24,"column":25}},"24":{"start":{"line":25,"column":0},"end":{"line":25,"column":29}},"25":{"start":{"line":26,"column":0},"end":{"line":26,"column":10}},"26":{"start":{"line":27,"column":0},"end":{"line":27,"column":9}},"27":{"start":{"line":28,"column":0},"end":{"line":28,"column":10}},"29":{"start":{"line":30,"column":0},"end":{"line":30,"column":1}},"31":{"start":{"line":32,"column":0},"end":{"line":32,"column":20}}},"s":{"0":1,"2":1,"9":3,"10":3,"11":2,"12":2,"14":1,"15":1,"16":3,"17":3,"18":3,"19":3,"20":3,"21":3,"22":3,"23":3,"24":3,"25":3,"26":3,"27":3,"29":3,"31":1},"branchMap":{"0":{"type":"branch","line":10,"loc":{"start":{"line":10,"column":0},"end":{"line":30,"column":1}},"locations":[{"start":{"line":10,"column":0},"end":{"line":30,"column":1}}]},"1":{"type":"branch","line":11,"loc":{"start":{"line":11,"column":7},"end":{"line":11,"column":36}},"locations":[{"start":{"line":11,"column":7},"end":{"line":11,"column":36}}]},"2":{"type":"branch","line":11,"loc":{"start":{"line":11,"column":36},"end":{"line":13,"column":3}},"locations":[{"start":{"line":11,"column":36},"end":{"line":13,"column":3}}]},"3":{"type":"branch","line":13,"loc":{"start":{"line":13,"column":2},"end":{"line":17,"column":18}},"locations":[{"start":{"line":13,"column":2},"end":{"line":17,"column":18}}]},"4":{"type":"branch","line":17,"loc":{"start":{"line":17,"column":18},"end":{"line":26,"column":10}},"locations":[{"start":{"line":17,"column":18},"end":{"line":26,"column":10}}]}},"b":{"0":[3],"1":[2],"2":[2],"3":[1],"4":[3]},"fnMap":{"0":{"name":"List","decl":{"start":{"line":10,"column":0},"end":{"line":30,"column":1}},"loc":{"start":{"line":10,"column":0},"end":{"line":30,"column":1}},"line":10}},"f":{"0":3}}
,"C:\\Users\\Kanarskaya.E\\MyPet\\rsschool-react\\src\\components\\ListItem\\ListItem.tsx": {"path":"C:\\Users\\Kanarskaya.E\\MyPet\\rsschool-react\\src\\components\\ListItem\\ListItem.tsx","all":false,"statementMap":{"0":{"start":{"line":1,"column":0},"end":{"line":1,"column":26}},"11":{"start":{"line":12,"column":0},"end":{"line":12,"column":48}},"12":{"start":{"line":13,"column":0},"end":{"line":13,"column":63}},"14":{"start":{"line":15,"column":0},"end":{"line":15,"column":10}},"15":{"start":{"line":16,"column":0},"end":{"line":16,"column":78}},"16":{"start":{"line":17,"column":0},"end":{"line":17,"column":35}},"17":{"start":{"line":18,"column":0},"end":{"line":18,"column":45}},"18":{"start":{"line":19,"column":0},"end":{"line":19,"column":12}},"19":{"start":{"line":20,"column":0},"end":{"line":20,"column":46}},"20":{"start":{"line":21,"column":0},"end":{"line":21,"column":14}},"21":{"start":{"line":22,"column":0},"end":{"line":22,"column":12}},"22":{"start":{"line":23,"column":0},"end":{"line":23,"column":50}},"23":{"start":{"line":24,"column":0},"end":{"line":24,"column":16}},"24":{"start":{"line":25,"column":0},"end":{"line":25,"column":12}},"25":{"start":{"line":26,"column":0},"end":{"line":26,"column":52}},"26":{"start":{"line":27,"column":0},"end":{"line":27,"column":17}},"27":{"start":{"line":28,"column":0},"end":{"line":28,"column":12}},"28":{"start":{"line":29,"column":0},"end":{"line":29,"column":10}},"30":{"start":{"line":31,"column":0},"end":{"line":31,"column":1}},"32":{"start":{"line":33,"column":0},"end":{"line":33,"column":26}}},"s":{"0":1,"11":6,"12":6,"14":6,"15":6,"16":6,"17":6,"18":6,"19":6,"20":6,"21":6,"22":6,"23":6,"24":6,"25":6,"26":6,"27":6,"28":6,"30":6,"32":1},"branchMap":{"0":{"type":"branch","line":12,"loc":{"start":{"line":12,"column":0},"end":{"line":31,"column":1}},"locations":[{"start":{"line":12,"column":0},"end":{"line":31,"column":1}}]},"1":{"type":"branch","line":16,"loc":{"start":{"line":16,"column":58},"end":{"line":16,"column":78}},"locations":[{"start":{"line":16,"column":58},"end":{"line":16,"column":78}}]}},"b":{"0":[6],"1":[2]},"fnMap":{"0":{"name":"PersonCard","decl":{"start":{"line":12,"column":0},"end":{"line":31,"column":1}},"loc":{"start":{"line":12,"column":0},"end":{"line":31,"column":1}},"line":12},"1":{"name":"onClick","decl":{"start":{"line":16,"column":58},"end":{"line":16,"column":78}},"loc":{"start":{"line":16,"column":58},"end":{"line":16,"column":78}},"line":16}},"f":{"0":6,"1":2}}
,"C:\\Users\\Kanarskaya.E\\MyPet\\rsschool-react\\src\\components\\Loader\\Loader.tsx": {"path":"C:\\Users\\Kanarskaya.E\\MyPet\\rsschool-react\\src\\components\\Loader\\Loader.tsx","all":true,"statementMap":{"0":{"start":{"line":1,"column":0},"end":{"line":1,"column":26}},"2":{"start":{"line":3,"column":0},"end":{"line":3,"column":22}},"3":{"start":{"line":4,"column":0},"end":{"line":4,"column":43}},"4":{"start":{"line":5,"column":0},"end":{"line":5,"column":2}},"6":{"start":{"line":7,"column":0},"end":{"line":7,"column":22}}},"s":{"0":0,"2":0,"3":0,"4":0,"6":0},"branchMap":{"0":{"type":"branch","line":1,"loc":{"start":{"line":1,"column":0},"end":{"line":7,"column":-54}},"locations":[{"start":{"line":1,"column":0},"end":{"line":7,"column":-54}}]}},"b":{"0":[0]},"fnMap":{"0":{"name":"(empty-report)","decl":{"start":{"line":1,"column":0},"end":{"line":7,"column":-54}},"loc":{"start":{"line":1,"column":0},"end":{"line":7,"column":-54}},"line":1}},"f":{"0":0}}
,"C:\\Users\\Kanarskaya.E\\MyPet\\rsschool-react\\src\\components\\Pagination\\Pagination.tsx": {"path":"C:\\Users\\Kanarskaya.E\\MyPet\\rsschool-react\\src\\components\\Pagination\\Pagination.tsx","all":false,"statementMap":{"0":{"start":{"line":1,"column":0},"end":{"line":1,"column":44}},"1":{"start":{"line":2,"column":0},"end":{"line":2,"column":27}},"12":{"start":{"line":13,"column":0},"end":{"line":13,"column":80}},"13":{"start":{"line":14,"column":0},"end":{"line":14,"column":52}},"14":{"start":{"line":15,"column":0},"end":{"line":15,"column":86}},"15":{"start":{"line":16,"column":0},"end":{"line":16,"column":80}},"17":{"start":{"line":18,"column":0},"end":{"line":18,"column":32}},"18":{"start":{"line":19,"column":0},"end":{"line":19,"column":37}},"19":{"start":{"line":20,"column":0},"end":{"line":20,"column":4}},"21":{"start":{"line":22,"column":0},"end":{"line":22,"column":32}},"22":{"start":{"line":23,"column":0},"end":{"line":23,"column":37}},"23":{"start":{"line":24,"column":0},"end":{"line":24,"column":4}},"25":{"start":{"line":26,"column":0},"end":{"line":26,"column":39}},"26":{"start":{"line":27,"column":0},"end":{"line":27,"column":30}},"27":{"start":{"line":28,"column":0},"end":{"line":28,"column":4}},"29":{"start":{"line":30,"column":0},"end":{"line":30,"column":19}},"30":{"start":{"line":31,"column":0},"end":{"line":31,"column":35}},"31":{"start":{"line":32,"column":0},"end":{"line":32,"column":49}},"32":{"start":{"line":33,"column":0},"end":{"line":33,"column":44}},"33":{"start":{"line":34,"column":0},"end":{"line":34,"column":27}},"35":{"start":{"line":36,"column":0},"end":{"line":36,"column":19}},"36":{"start":{"line":37,"column":0},"end":{"line":37,"column":22}},"37":{"start":{"line":38,"column":0},"end":{"line":38,"column":20}},"39":{"start":{"line":40,"column":0},"end":{"line":40,"column":10}},"40":{"start":{"line":41,"column":0},"end":{"line":41,"column":32}},"41":{"start":{"line":42,"column":0},"end":{"line":42,"column":45}},"42":{"start":{"line":43,"column":0},"end":{"line":43,"column":15}},"43":{"start":{"line":44,"column":0},"end":{"line":44,"column":23}},"44":{"start":{"line":45,"column":0},"end":{"line":45,"column":87}},"45":{"start":{"line":46,"column":0},"end":{"line":46,"column":38}},"46":{"start":{"line":47,"column":0},"end":{"line":47,"column":34}},"47":{"start":{"line":48,"column":0},"end":{"line":48,"column":21}},"49":{"start":{"line":50,"column":0},"end":{"line":50,"column":16}},"50":{"start":{"line":51,"column":0},"end":{"line":51,"column":17}},"52":{"start":{"line":53,"column":0},"end":{"line":53,"column":61}},"53":{"start":{"line":54,"column":0},"end":{"line":54,"column":73}},"54":{"start":{"line":55,"column":0},"end":{"line":55,"column":61}},"55":{"start":{"line":56,"column":0},"end":{"line":56,"column":14}},"57":{"start":{"line":58,"column":0},"end":{"line":58,"column":15}},"58":{"start":{"line":59,"column":0},"end":{"line":59,"column":91}},"59":{"start":{"line":60,"column":0},"end":{"line":60,"column":21}},"60":{"start":{"line":61,"column":0},"end":{"line":61,"column":34}},"61":{"start":{"line":62,"column":0},"end":{"line":62,"column":39}},"63":{"start":{"line":64,"column":0},"end":{"line":64,"column":16}},"64":{"start":{"line":65,"column":0},"end":{"line":65,"column":17}},"65":{"start":{"line":66,"column":0},"end":{"line":66,"column":12}},"66":{"start":{"line":67,"column":0},"end":{"line":67,"column":10}},"68":{"start":{"line":69,"column":0},"end":{"line":69,"column":1}},"70":{"start":{"line":71,"column":0},"end":{"line":71,"column":26}}},"s":{"0":1,"1":1,"12":3,"13":3,"14":3,"15":3,"17":3,"18":1,"19":1,"21":3,"22":0,"23":0,"25":3,"26":2,"27":2,"29":3,"30":2,"31":2,"32":2,"33":3,"35":3,"36":1,"37":3,"39":3,"40":3,"41":3,"42":3,"43":3,"44":3,"45":3,"46":3,"47":3,"49":3,"50":3,"52":3,"53":3,"54":3,"55":3,"57":3,"58":3,"59":3,"60":3,"61":3,"63":3,"64":3,"65":3,"66":3,"68":3,"70":1},"branchMap":{"0":{"type":"branch","line":13,"loc":{"start":{"line":13,"column":0},"end":{"line":69,"column":1}},"locations":[{"start":{"line":13,"column":0},"end":{"line":69,"column":1}}]},"1":{"type":"branch","line":45,"loc":{"start":{"line":45,"column":49},"end":{"line":45,"column":82}},"locations":[{"start":{"line":45,"column":49},"end":{"line":45,"column":82}}]},"2":{"type":"branch","line":45,"loc":{"start":{"line":45,"column":69},"end":{"line":45,"column":84}},"locations":[{"start":{"line":45,"column":69},"end":{"line":45,"column":84}}]},"3":{"type":"branch","line":59,"loc":{"start":{"line":59,"column":50},"end":{"line":59,"column":84}},"locations":[{"start":{"line":59,"column":50},"end":{"line":59,"column":84}}]},"4":{"type":"branch","line":18,"loc":{"start":{"line":18,"column":25},"end":{"line":20,"column":4}},"locations":[{"start":{"line":18,"column":25},"end":{"line":20,"column":4}}]},"5":{"type":"branch","line":19,"loc":{"start":{"line":19,"column":19},"end":{"line":19,"column":35}},"locations":[{"start":{"line":19,"column":19},"end":{"line":19,"column":35}}]},"6":{"type":"branch","line":26,"loc":{"start":{"line":26,"column":20},"end":{"line":28,"column":4}},"locations":[{"start":{"line":26,"column":20},"end":{"line":28,"column":4}}]},"7":{"type":"branch","line":30,"loc":{"start":{"line":30,"column":12},"end":{"line":34,"column":5}},"locations":[{"start":{"line":30,"column":12},"end":{"line":34,"column":5}}]},"8":{"type":"branch","line":36,"loc":{"start":{"line":36,"column":12},"end":{"line":38,"column":5}},"locations":[{"start":{"line":36,"column":12},"end":{"line":38,"column":5}}]}},"b":{"0":[3],"1":[2],"2":[1],"3":[0],"4":[1],"5":[1],"6":[2],"7":[2],"8":[1]},"fnMap":{"0":{"name":"Pagination","decl":{"start":{"line":13,"column":0},"end":{"line":69,"column":1}},"loc":{"start":{"line":13,"column":0},"end":{"line":69,"column":1}},"line":13},"1":{"name":"handleNextPage","decl":{"start":{"line":18,"column":25},"end":{"line":20,"column":4}},"loc":{"start":{"line":18,"column":25},"end":{"line":20,"column":4}},"line":18},"2":{"name":"handlePrevPage","decl":{"start":{"line":22,"column":25},"end":{"line":24,"column":4}},"loc":{"start":{"line":22,"column":25},"end":{"line":24,"column":4}},"line":22},"3":{"name":"setParams","decl":{"start":{"line":26,"column":20},"end":{"line":28,"column":4}},"loc":{"start":{"line":26,"column":20},"end":{"line":28,"column":4}},"line":26}},"f":{"0":3,"1":1,"2":0,"3":2}}
,"C:\\Users\\Kanarskaya.E\\MyPet\\rsschool-react\\src\\components\\SearchForm\\SearchForm.tsx": {"path":"C:\\Users\\Kanarskaya.E\\MyPet\\rsschool-react\\src\\components\\SearchForm\\SearchForm.tsx","all":false,"statementMap":{"0":{"start":{"line":1,"column":0},"end":{"line":1,"column":57}},"1":{"start":{"line":2,"column":0},"end":{"line":2,"column":28}},"2":{"start":{"line":3,"column":0},"end":{"line":3,"column":55}},"8":{"start":{"line":9,"column":0},"end":{"line":9,"column":58}},"9":{"start":{"line":10,"column":0},"end":{"line":10,"column":74}},"10":{"start":{"line":11,"column":0},"end":{"line":11,"column":56}},"12":{"start":{"line":13,"column":0},"end":{"line":13,"column":65}},"13":{"start":{"line":14,"column":0},"end":{"line":14,"column":53}},"14":{"start":{"line":15,"column":0},"end":{"line":15,"column":32}},"15":{"start":{"line":16,"column":0},"end":{"line":16,"column":20}},"16":{"start":{"line":17,"column":0},"end":{"line":17,"column":4}},"18":{"start":{"line":19,"column":0},"end":{"line":19,"column":63}},"19":{"start":{"line":20,"column":0},"end":{"line":20,"column":27}},"21":{"start":{"line":22,"column":0},"end":{"line":22,"column":34}},"22":{"start":{"line":23,"column":0},"end":{"line":23,"column":42}},"23":{"start":{"line":24,"column":0},"end":{"line":24,"column":27}},"24":{"start":{"line":25,"column":0},"end":{"line":25,"column":12}},"25":{"start":{"line":26,"column":0},"end":{"line":26,"column":25}},"26":{"start":{"line":27,"column":0},"end":{"line":27,"column":24}},"27":{"start":{"line":28,"column":0},"end":{"line":28,"column":5}},"28":{"start":{"line":29,"column":0},"end":{"line":29,"column":4}},"30":{"start":{"line":31,"column":0},"end":{"line":31,"column":10}},"31":{"start":{"line":32,"column":0},"end":{"line":32,"column":6}},"32":{"start":{"line":33,"column":0},"end":{"line":33,"column":60}},"33":{"start":{"line":34,"column":0},"end":{"line":34,"column":14}},"34":{"start":{"line":35,"column":0},"end":{"line":35,"column":21}},"35":{"start":{"line":36,"column":0},"end":{"line":36,"column":40}},"36":{"start":{"line":37,"column":0},"end":{"line":37,"column":38}},"37":{"start":{"line":38,"column":0},"end":{"line":38,"column":23}},"38":{"start":{"line":39,"column":0},"end":{"line":39,"column":22}},"39":{"start":{"line":40,"column":0},"end":{"line":40,"column":31}},"40":{"start":{"line":41,"column":0},"end":{"line":41,"column":10}},"41":{"start":{"line":42,"column":0},"end":{"line":42,"column":76}},"43":{"start":{"line":44,"column":0},"end":{"line":44,"column":17}},"44":{"start":{"line":45,"column":0},"end":{"line":45,"column":13}},"45":{"start":{"line":46,"column":0},"end":{"line":46,"column":7}},"47":{"start":{"line":48,"column":0},"end":{"line":48,"column":1}},"49":{"start":{"line":50,"column":0},"end":{"line":50,"column":26}}},"s":{"0":1,"1":1,"2":1,"8":7,"9":7,"10":7,"12":7,"13":5,"14":5,"15":5,"16":5,"18":7,"19":1,"21":1,"22":1,"23":1,"24":1,"25":0,"26":0,"27":0,"28":1,"30":7,"31":7,"32":7,"33":7,"34":7,"35":7,"36":7,"37":7,"38":7,"39":7,"40":7,"41":7,"43":7,"44":7,"45":7,"47":7,"49":1},"branchMap":{"0":{"type":"branch","line":9,"loc":{"start":{"line":9,"column":0},"end":{"line":48,"column":1}},"locations":[{"start":{"line":9,"column":0},"end":{"line":48,"column":1}}]},"1":{"type":"branch","line":13,"loc":{"start":{"line":13,"column":22},"end":{"line":17,"column":4}},"locations":[{"start":{"line":13,"column":22},"end":{"line":17,"column":4}}]},"2":{"type":"branch","line":19,"loc":{"start":{"line":19,"column":23},"end":{"line":29,"column":4}},"locations":[{"start":{"line":19,"column":23},"end":{"line":29,"column":4}}]},"3":{"type":"branch","line":25,"loc":{"start":{"line":25,"column":4},"end":{"line":28,"column":5}},"locations":[{"start":{"line":25,"column":4},"end":{"line":28,"column":5}}]}},"b":{"0":[7],"1":[5],"2":[1],"3":[0]},"fnMap":{"0":{"name":"SearchForm","decl":{"start":{"line":9,"column":0},"end":{"line":48,"column":1}},"loc":{"start":{"line":9,"column":0},"end":{"line":48,"column":1}},"line":9},"1":{"name":"handleInput","decl":{"start":{"line":13,"column":22},"end":{"line":17,"column":4}},"loc":{"start":{"line":13,"column":22},"end":{"line":17,"column":4}},"line":13},"2":{"name":"handleSubmit","decl":{"start":{"line":19,"column":23},"end":{"line":29,"column":4}},"loc":{"start":{"line":19,"column":23},"end":{"line":29,"column":4}},"line":19}},"f":{"0":7,"1":5,"2":1}}
,"C:\\Users\\Kanarskaya.E\\MyPet\\rsschool-react\\src\\constants\\constants.ts": {"path":"C:\\Users\\Kanarskaya.E\\MyPet\\rsschool-react\\src\\constants\\constants.ts","all":true,"statementMap":{"0":{"start":{"line":1,"column":0},"end":{"line":1,"column":56}}},"s":{"0":0},"branchMap":{"0":{"type":"branch","line":1,"loc":{"start":{"line":1,"column":56},"end":{"line":1,"column":56}},"locations":[{"start":{"line":1,"column":56},"end":{"line":1,"column":56}}]}},"b":{"0":[0]},"fnMap":{"0":{"name":"(empty-report)","decl":{"start":{"line":1,"column":56},"end":{"line":1,"column":56}},"loc":{"start":{"line":1,"column":56},"end":{"line":1,"column":56}},"line":1}},"f":{"0":0}}
,"C:\\Users\\Kanarskaya.E\\MyPet\\rsschool-react\\src\\hooks\\localStorage.tsx": {"path":"C:\\Users\\Kanarskaya.E\\MyPet\\rsschool-react\\src\\hooks\\localStorage.tsx","all":true,"statementMap":{"0":{"start":{"line":1,"column":0},"end":{"line":1,"column":33}},"2":{"start":{"line":3,"column":0},"end":{"line":3,"column":60}},"3":{"start":{"line":4,"column":0},"end":{"line":4,"column":59}},"4":{"start":{"line":5,"column":0},"end":{"line":5,"column":9}},"5":{"start":{"line":6,"column":0},"end":{"line":6,"column":52}},"6":{"start":{"line":7,"column":0},"end":{"line":7,"column":52}},"7":{"start":{"line":8,"column":0},"end":{"line":8,"column":21}},"8":{"start":{"line":9,"column":0},"end":{"line":9,"column":26}},"9":{"start":{"line":10,"column":0},"end":{"line":10,"column":5}},"10":{"start":{"line":11,"column":0},"end":{"line":11,"column":5}},"12":{"start":{"line":13,"column":0},"end":{"line":13,"column":52}},"13":{"start":{"line":14,"column":0},"end":{"line":14,"column":9}},"14":{"start":{"line":15,"column":0},"end":{"line":15,"column":82}},"15":{"start":{"line":16,"column":0},"end":{"line":16,"column":35}},"16":{"start":{"line":17,"column":0},"end":{"line":17,"column":69}},"17":{"start":{"line":18,"column":0},"end":{"line":18,"column":21}},"18":{"start":{"line":19,"column":0},"end":{"line":19,"column":25}},"19":{"start":{"line":20,"column":0},"end":{"line":20,"column":5}},"20":{"start":{"line":21,"column":0},"end":{"line":21,"column":4}},"22":{"start":{"line":23,"column":0},"end":{"line":23,"column":42}},"23":{"start":{"line":24,"column":0},"end":{"line":24,"column":1}},"25":{"start":{"line":26,"column":0},"end":{"line":26,"column":31}}},"s":{"0":0,"2":0,"3":0,"4":0,"5":0,"6":0,"7":0,"8":0,"9":0,"10":0,"12":0,"13":0,"14":0,"15":0,"16":0,"17":0,"18":0,"19":0,"20":0,"22":0,"23":0,"25":0},"branchMap":{"0":{"type":"branch","line":1,"loc":{"start":{"line":1,"column":0},"end":{"line":26,"column":15}},"locations":[{"start":{"line":1,"column":0},"end":{"line":26,"column":15}}]}},"b":{"0":[0]},"fnMap":{"0":{"name":"(empty-report)","decl":{"start":{"line":1,"column":0},"end":{"line":26,"column":15}},"loc":{"start":{"line":1,"column":0},"end":{"line":26,"column":15}},"line":1}},"f":{"0":0}}
,"C:\\Users\\Kanarskaya.E\\MyPet\\rsschool-react\\src\\mock\\mockData.ts": {"path":"C:\\Users\\Kanarskaya.E\\MyPet\\rsschool-react\\src\\mock\\mockData.ts","all":false,"statementMap":{"0":{"start":{"line":1,"column":0},"end":{"line":1,"column":18}},"1":{"start":{"line":2,"column":0},"end":{"line":2,"column":9}},"2":{"start":{"line":3,"column":0},"end":{"line":3,"column":15}},"3":{"start":{"line":4,"column":0},"end":{"line":4,"column":14}},"4":{"start":{"line":5,"column":0},"end":{"line":5,"column":61}},"5":{"start":{"line":6,"column":0},"end":{"line":6,"column":15}},"6":{"start":{"line":7,"column":0},"end":{"line":7,"column":4}},"7":{"start":{"line":8,"column":0},"end":{"line":8,"column":12}},"8":{"start":{"line":9,"column":0},"end":{"line":9,"column":5}},"9":{"start":{"line":10,"column":0},"end":{"line":10,"column":12}},"10":{"start":{"line":11,"column":0},"end":{"line":11,"column":27}},"11":{"start":{"line":12,"column":0},"end":{"line":12,"column":22}},"12":{"start":{"line":13,"column":0},"end":{"line":13,"column":23}},"13":{"start":{"line":14,"column":0},"end":{"line":14,"column":15}},"14":{"start":{"line":15,"column":0},"end":{"line":15,"column":21}},"15":{"start":{"line":16,"column":0},"end":{"line":16,"column":15}},"16":{"start":{"line":17,"column":0},"end":{"line":17,"column":30}},"17":{"start":{"line":18,"column":0},"end":{"line":18,"column":58}},"18":{"start":{"line":19,"column":0},"end":{"line":19,"column":8}},"19":{"start":{"line":20,"column":0},"end":{"line":20,"column":17}},"20":{"start":{"line":21,"column":0},"end":{"line":21,"column":33}},"21":{"start":{"line":22,"column":0},"end":{"line":22,"column":58}},"22":{"start":{"line":23,"column":0},"end":{"line":23,"column":8}},"23":{"start":{"line":24,"column":0},"end":{"line":24,"column":71}},"24":{"start":{"line":25,"column":0},"end":{"line":25,"column":16}},"25":{"start":{"line":26,"column":0},"end":{"line":26,"column":52}},"26":{"start":{"line":27,"column":0},"end":{"line":27,"column":52}},"27":{"start":{"line":28,"column":0},"end":{"line":28,"column":52}},"28":{"start":{"line":29,"column":0},"end":{"line":29,"column":52}},"29":{"start":{"line":30,"column":0},"end":{"line":30,"column":52}},"30":{"start":{"line":31,"column":0},"end":{"line":31,"column":52}},"31":{"start":{"line":32,"column":0},"end":{"line":32,"column":52}},"32":{"start":{"line":33,"column":0},"end":{"line":33,"column":52}},"33":{"start":{"line":34,"column":0},"end":{"line":34,"column":52}},"34":{"start":{"line":35,"column":0},"end":{"line":35,"column":53}},"35":{"start":{"line":36,"column":0},"end":{"line":36,"column":53}},"36":{"start":{"line":37,"column":0},"end":{"line":37,"column":53}},"37":{"start":{"line":38,"column":0},"end":{"line":38,"column":53}},"38":{"start":{"line":39,"column":0},"end":{"line":39,"column":53}},"39":{"start":{"line":40,"column":0},"end":{"line":40,"column":53}},"40":{"start":{"line":41,"column":0},"end":{"line":41,"column":53}},"41":{"start":{"line":42,"column":0},"end":{"line":42,"column":53}},"42":{"start":{"line":43,"column":0},"end":{"line":43,"column":53}},"43":{"start":{"line":44,"column":0},"end":{"line":44,"column":53}},"44":{"start":{"line":45,"column":0},"end":{"line":45,"column":53}},"45":{"start":{"line":46,"column":0},"end":{"line":46,"column":53}},"46":{"start":{"line":47,"column":0},"end":{"line":47,"column":53}},"47":{"start":{"line":48,"column":0},"end":{"line":48,"column":53}},"48":{"start":{"line":49,"column":0},"end":{"line":49,"column":53}},"49":{"start":{"line":50,"column":0},"end":{"line":50,"column":53}},"50":{"start":{"line":51,"column":0},"end":{"line":51,"column":53}},"51":{"start":{"line":52,"column":0},"end":{"line":52,"column":53}},"52":{"start":{"line":53,"column":0},"end":{"line":53,"column":53}},"53":{"start":{"line":54,"column":0},"end":{"line":54,"column":53}},"54":{"start":{"line":55,"column":0},"end":{"line":55,"column":53}},"55":{"start":{"line":56,"column":0},"end":{"line":56,"column":53}},"56":{"start":{"line":57,"column":0},"end":{"line":57,"column":53}},"57":{"start":{"line":58,"column":0},"end":{"line":58,"column":53}},"58":{"start":{"line":59,"column":0},"end":{"line":59,"column":53}},"59":{"start":{"line":60,"column":0},"end":{"line":60,"column":53}},"60":{"start":{"line":61,"column":0},"end":{"line":61,"column":53}},"61":{"start":{"line":62,"column":0},"end":{"line":62,"column":53}},"62":{"start":{"line":63,"column":0},"end":{"line":63,"column":53}},"63":{"start":{"line":64,"column":0},"end":{"line":64,"column":53}},"64":{"start":{"line":65,"column":0},"end":{"line":65,"column":53}},"65":{"start":{"line":66,"column":0},"end":{"line":66,"column":53}},"66":{"start":{"line":67,"column":0},"end":{"line":67,"column":53}},"67":{"start":{"line":68,"column":0},"end":{"line":68,"column":53}},"68":{"start":{"line":69,"column":0},"end":{"line":69,"column":53}},"69":{"start":{"line":70,"column":0},"end":{"line":70,"column":53}},"70":{"start":{"line":71,"column":0},"end":{"line":71,"column":53}},"71":{"start":{"line":72,"column":0},"end":{"line":72,"column":53}},"72":{"start":{"line":73,"column":0},"end":{"line":73,"column":53}},"73":{"start":{"line":74,"column":0},"end":{"line":74,"column":53}},"74":{"start":{"line":75,"column":0},"end":{"line":75,"column":53}},"75":{"start":{"line":76,"column":0},"end":{"line":76,"column":53}},"76":{"start":{"line":77,"column":0},"end":{"line":77,"column":8}},"77":{"start":{"line":78,"column":0},"end":{"line":78,"column":57}},"78":{"start":{"line":79,"column":0},"end":{"line":79,"column":42}},"79":{"start":{"line":80,"column":0},"end":{"line":80,"column":6}},"80":{"start":{"line":81,"column":0},"end":{"line":81,"column":5}},"81":{"start":{"line":82,"column":0},"end":{"line":82,"column":12}},"82":{"start":{"line":83,"column":0},"end":{"line":83,"column":26}},"83":{"start":{"line":84,"column":0},"end":{"line":84,"column":22}},"84":{"start":{"line":85,"column":0},"end":{"line":85,"column":23}},"85":{"start":{"line":86,"column":0},"end":{"line":86,"column":15}},"86":{"start":{"line":87,"column":0},"end":{"line":87,"column":21}},"87":{"start":{"line":88,"column":0},"end":{"line":88,"column":15}},"88":{"start":{"line":89,"column":0},"end":{"line":89,"column":24}},"89":{"start":{"line":90,"column":0},"end":{"line":90,"column":16}},"90":{"start":{"line":91,"column":0},"end":{"line":91,"column":8}},"91":{"start":{"line":92,"column":0},"end":{"line":92,"column":17}},"92":{"start":{"line":93,"column":0},"end":{"line":93,"column":33}},"93":{"start":{"line":94,"column":0},"end":{"line":94,"column":58}},"94":{"start":{"line":95,"column":0},"end":{"line":95,"column":8}},"95":{"start":{"line":96,"column":0},"end":{"line":96,"column":71}},"96":{"start":{"line":97,"column":0},"end":{"line":97,"column":16}},"97":{"start":{"line":98,"column":0},"end":{"line":98,"column":52}},"98":{"start":{"line":99,"column":0},"end":{"line":99,"column":52}},"99":{"start":{"line":100,"column":0},"end":{"line":100,"column":52}},"100":{"start":{"line":101,"column":0},"end":{"line":101,"column":52}},"101":{"start":{"line":102,"column":0},"end":{"line":102,"column":52}},"102":{"start":{"line":103,"column":0},"end":{"line":103,"column":52}},"103":{"start":{"line":104,"column":0},"end":{"line":104,"column":52}},"104":{"start":{"line":105,"column":0},"end":{"line":105,"column":52}},"105":{"start":{"line":106,"column":0},"end":{"line":106,"column":52}},"106":{"start":{"line":107,"column":0},"end":{"line":107,"column":53}},"107":{"start":{"line":108,"column":0},"end":{"line":108,"column":53}},"108":{"start":{"line":109,"column":0},"end":{"line":109,"column":53}},"109":{"start":{"line":110,"column":0},"end":{"line":110,"column":53}},"110":{"start":{"line":111,"column":0},"end":{"line":111,"column":53}},"111":{"start":{"line":112,"column":0},"end":{"line":112,"column":53}},"112":{"start":{"line":113,"column":0},"end":{"line":113,"column":53}},"113":{"start":{"line":114,"column":0},"end":{"line":114,"column":53}},"114":{"start":{"line":115,"column":0},"end":{"line":115,"column":53}},"115":{"start":{"line":116,"column":0},"end":{"line":116,"column":53}},"116":{"start":{"line":117,"column":0},"end":{"line":117,"column":53}},"117":{"start":{"line":118,"column":0},"end":{"line":118,"column":53}},"118":{"start":{"line":119,"column":0},"end":{"line":119,"column":53}},"119":{"start":{"line":120,"column":0},"end":{"line":120,"column":53}},"120":{"start":{"line":121,"column":0},"end":{"line":121,"column":53}},"121":{"start":{"line":122,"column":0},"end":{"line":122,"column":53}},"122":{"start":{"line":123,"column":0},"end":{"line":123,"column":53}},"123":{"start":{"line":124,"column":0},"end":{"line":124,"column":53}},"124":{"start":{"line":125,"column":0},"end":{"line":125,"column":53}},"125":{"start":{"line":126,"column":0},"end":{"line":126,"column":53}},"126":{"start":{"line":127,"column":0},"end":{"line":127,"column":53}},"127":{"start":{"line":128,"column":0},"end":{"line":128,"column":53}},"128":{"start":{"line":129,"column":0},"end":{"line":129,"column":53}},"129":{"start":{"line":130,"column":0},"end":{"line":130,"column":53}},"130":{"start":{"line":131,"column":0},"end":{"line":131,"column":53}},"131":{"start":{"line":132,"column":0},"end":{"line":132,"column":53}},"132":{"start":{"line":133,"column":0},"end":{"line":133,"column":53}},"133":{"start":{"line":134,"column":0},"end":{"line":134,"column":53}},"134":{"start":{"line":135,"column":0},"end":{"line":135,"column":53}},"135":{"start":{"line":136,"column":0},"end":{"line":136,"column":53}},"136":{"start":{"line":137,"column":0},"end":{"line":137,"column":53}},"137":{"start":{"line":138,"column":0},"end":{"line":138,"column":53}},"138":{"start":{"line":139,"column":0},"end":{"line":139,"column":53}},"139":{"start":{"line":140,"column":0},"end":{"line":140,"column":53}},"140":{"start":{"line":141,"column":0},"end":{"line":141,"column":53}},"141":{"start":{"line":142,"column":0},"end":{"line":142,"column":53}},"142":{"start":{"line":143,"column":0},"end":{"line":143,"column":53}},"143":{"start":{"line":144,"column":0},"end":{"line":144,"column":53}},"144":{"start":{"line":145,"column":0},"end":{"line":145,"column":53}},"145":{"start":{"line":146,"column":0},"end":{"line":146,"column":53}},"146":{"start":{"line":147,"column":0},"end":{"line":147,"column":53}},"147":{"start":{"line":148,"column":0},"end":{"line":148,"column":53}},"148":{"start":{"line":149,"column":0},"end":{"line":149,"column":8}},"149":{"start":{"line":150,"column":0},"end":{"line":150,"column":57}},"150":{"start":{"line":151,"column":0},"end":{"line":151,"column":42}},"151":{"start":{"line":152,"column":0},"end":{"line":152,"column":6}},"152":{"start":{"line":153,"column":0},"end":{"line":153,"column":5}},"153":{"start":{"line":154,"column":0},"end":{"line":154,"column":12}},"154":{"start":{"line":155,"column":0},"end":{"line":155,"column":27}},"155":{"start":{"line":156,"column":0},"end":{"line":156,"column":22}},"156":{"start":{"line":157,"column":0},"end":{"line":157,"column":23}},"157":{"start":{"line":158,"column":0},"end":{"line":158,"column":15}},"158":{"start":{"line":159,"column":0},"end":{"line":159,"column":23}},"159":{"start":{"line":160,"column":0},"end":{"line":160,"column":15}},"160":{"start":{"line":161,"column":0},"end":{"line":161,"column":46}},"161":{"start":{"line":162,"column":0},"end":{"line":162,"column":59}},"162":{"start":{"line":163,"column":0},"end":{"line":163,"column":8}},"163":{"start":{"line":164,"column":0},"end":{"line":164,"column":17}},"164":{"start":{"line":165,"column":0},"end":{"line":165,"column":46}},"165":{"start":{"line":166,"column":0},"end":{"line":166,"column":59}},"166":{"start":{"line":167,"column":0},"end":{"line":167,"column":8}},"167":{"start":{"line":168,"column":0},"end":{"line":168,"column":71}},"168":{"start":{"line":169,"column":0},"end":{"line":169,"column":16}},"169":{"start":{"line":170,"column":0},"end":{"line":170,"column":52}},"170":{"start":{"line":171,"column":0},"end":{"line":171,"column":52}},"171":{"start":{"line":172,"column":0},"end":{"line":172,"column":52}},"172":{"start":{"line":173,"column":0},"end":{"line":173,"column":52}},"173":{"start":{"line":174,"column":0},"end":{"line":174,"column":53}},"174":{"start":{"line":175,"column":0},"end":{"line":175,"column":53}},"175":{"start":{"line":176,"column":0},"end":{"line":176,"column":53}},"176":{"start":{"line":177,"column":0},"end":{"line":177,"column":53}},"177":{"start":{"line":178,"column":0},"end":{"line":178,"column":53}},"178":{"start":{"line":179,"column":0},"end":{"line":179,"column":53}},"179":{"start":{"line":180,"column":0},"end":{"line":180,"column":53}},"180":{"start":{"line":181,"column":0},"end":{"line":181,"column":53}},"181":{"start":{"line":182,"column":0},"end":{"line":182,"column":53}},"182":{"start":{"line":183,"column":0},"end":{"line":183,"column":53}},"183":{"start":{"line":184,"column":0},"end":{"line":184,"column":53}},"184":{"start":{"line":185,"column":0},"end":{"line":185,"column":53}},"185":{"start":{"line":186,"column":0},"end":{"line":186,"column":53}},"186":{"start":{"line":187,"column":0},"end":{"line":187,"column":53}},"187":{"start":{"line":188,"column":0},"end":{"line":188,"column":53}},"188":{"start":{"line":189,"column":0},"end":{"line":189,"column":53}},"189":{"start":{"line":190,"column":0},"end":{"line":190,"column":53}},"190":{"start":{"line":191,"column":0},"end":{"line":191,"column":53}},"191":{"start":{"line":192,"column":0},"end":{"line":192,"column":53}},"192":{"start":{"line":193,"column":0},"end":{"line":193,"column":53}},"193":{"start":{"line":194,"column":0},"end":{"line":194,"column":53}},"194":{"start":{"line":195,"column":0},"end":{"line":195,"column":53}},"195":{"start":{"line":196,"column":0},"end":{"line":196,"column":53}},"196":{"start":{"line":197,"column":0},"end":{"line":197,"column":53}},"197":{"start":{"line":198,"column":0},"end":{"line":198,"column":53}},"198":{"start":{"line":199,"column":0},"end":{"line":199,"column":53}},"199":{"start":{"line":200,"column":0},"end":{"line":200,"column":53}},"200":{"start":{"line":201,"column":0},"end":{"line":201,"column":53}},"201":{"start":{"line":202,"column":0},"end":{"line":202,"column":53}},"202":{"start":{"line":203,"column":0},"end":{"line":203,"column":53}},"203":{"start":{"line":204,"column":0},"end":{"line":204,"column":53}},"204":{"start":{"line":205,"column":0},"end":{"line":205,"column":53}},"205":{"start":{"line":206,"column":0},"end":{"line":206,"column":53}},"206":{"start":{"line":207,"column":0},"end":{"line":207,"column":53}},"207":{"start":{"line":208,"column":0},"end":{"line":208,"column":53}},"208":{"start":{"line":209,"column":0},"end":{"line":209,"column":53}},"209":{"start":{"line":210,"column":0},"end":{"line":210,"column":53}},"210":{"start":{"line":211,"column":0},"end":{"line":211,"column":53}},"211":{"start":{"line":212,"column":0},"end":{"line":212,"column":8}},"212":{"start":{"line":213,"column":0},"end":{"line":213,"column":57}},"213":{"start":{"line":214,"column":0},"end":{"line":214,"column":42}},"214":{"start":{"line":215,"column":0},"end":{"line":215,"column":6}},"215":{"start":{"line":216,"column":0},"end":{"line":216,"column":5}},"216":{"start":{"line":217,"column":0},"end":{"line":217,"column":12}},"217":{"start":{"line":218,"column":0},"end":{"line":218,"column":25}},"218":{"start":{"line":219,"column":0},"end":{"line":219,"column":22}},"219":{"start":{"line":220,"column":0},"end":{"line":220,"column":23}},"220":{"start":{"line":221,"column":0},"end":{"line":221,"column":15}},"221":{"start":{"line":222,"column":0},"end":{"line":222,"column":23}},"222":{"start":{"line":223,"column":0},"end":{"line":223,"column":15}},"223":{"start":{"line":224,"column":0},"end":{"line":224,"column":46}},"224":{"start":{"line":225,"column":0},"end":{"line":225,"column":59}},"225":{"start":{"line":226,"column":0},"end":{"line":226,"column":8}},"226":{"start":{"line":227,"column":0},"end":{"line":227,"column":17}},"227":{"start":{"line":228,"column":0},"end":{"line":228,"column":46}},"228":{"start":{"line":229,"column":0},"end":{"line":229,"column":59}},"229":{"start":{"line":230,"column":0},"end":{"line":230,"column":8}},"230":{"start":{"line":231,"column":0},"end":{"line":231,"column":71}},"231":{"start":{"line":232,"column":0},"end":{"line":232,"column":16}},"232":{"start":{"line":233,"column":0},"end":{"line":233,"column":52}},"233":{"start":{"line":234,"column":0},"end":{"line":234,"column":52}},"234":{"start":{"line":235,"column":0},"end":{"line":235,"column":52}},"235":{"start":{"line":236,"column":0},"end":{"line":236,"column":52}},"236":{"start":{"line":237,"column":0},"end":{"line":237,"column":53}},"237":{"start":{"line":238,"column":0},"end":{"line":238,"column":53}},"238":{"start":{"line":239,"column":0},"end":{"line":239,"column":53}},"239":{"start":{"line":240,"column":0},"end":{"line":240,"column":53}},"240":{"start":{"line":241,"column":0},"end":{"line":241,"column":53}},"241":{"start":{"line":242,"column":0},"end":{"line":242,"column":53}},"242":{"start":{"line":243,"column":0},"end":{"line":243,"column":53}},"243":{"start":{"line":244,"column":0},"end":{"line":244,"column":53}},"244":{"start":{"line":245,"column":0},"end":{"line":245,"column":53}},"245":{"start":{"line":246,"column":0},"end":{"line":246,"column":53}},"246":{"start":{"line":247,"column":0},"end":{"line":247,"column":53}},"247":{"start":{"line":248,"column":0},"end":{"line":248,"column":53}},"248":{"start":{"line":249,"column":0},"end":{"line":249,"column":53}},"249":{"start":{"line":250,"column":0},"end":{"line":250,"column":53}},"250":{"start":{"line":251,"column":0},"end":{"line":251,"column":53}},"251":{"start":{"line":252,"column":0},"end":{"line":252,"column":53}},"252":{"start":{"line":253,"column":0},"end":{"line":253,"column":53}},"253":{"start":{"line":254,"column":0},"end":{"line":254,"column":53}},"254":{"start":{"line":255,"column":0},"end":{"line":255,"column":53}},"255":{"start":{"line":256,"column":0},"end":{"line":256,"column":53}},"256":{"start":{"line":257,"column":0},"end":{"line":257,"column":53}},"257":{"start":{"line":258,"column":0},"end":{"line":258,"column":53}},"258":{"start":{"line":259,"column":0},"end":{"line":259,"column":53}},"259":{"start":{"line":260,"column":0},"end":{"line":260,"column":53}},"260":{"start":{"line":261,"column":0},"end":{"line":261,"column":53}},"261":{"start":{"line":262,"column":0},"end":{"line":262,"column":53}},"262":{"start":{"line":263,"column":0},"end":{"line":263,"column":53}},"263":{"start":{"line":264,"column":0},"end":{"line":264,"column":53}},"264":{"start":{"line":265,"column":0},"end":{"line":265,"column":53}},"265":{"start":{"line":266,"column":0},"end":{"line":266,"column":53}},"266":{"start":{"line":267,"column":0},"end":{"line":267,"column":53}},"267":{"start":{"line":268,"column":0},"end":{"line":268,"column":53}},"268":{"start":{"line":269,"column":0},"end":{"line":269,"column":53}},"269":{"start":{"line":270,"column":0},"end":{"line":270,"column":53}},"270":{"start":{"line":271,"column":0},"end":{"line":271,"column":53}},"271":{"start":{"line":272,"column":0},"end":{"line":272,"column":53}},"272":{"start":{"line":273,"column":0},"end":{"line":273,"column":53}},"273":{"start":{"line":274,"column":0},"end":{"line":274,"column":53}},"274":{"start":{"line":275,"column":0},"end":{"line":275,"column":8}},"275":{"start":{"line":276,"column":0},"end":{"line":276,"column":57}},"276":{"start":{"line":277,"column":0},"end":{"line":277,"column":42}},"277":{"start":{"line":278,"column":0},"end":{"line":278,"column":6}},"278":{"start":{"line":279,"column":0},"end":{"line":279,"column":5}},"279":{"start":{"line":280,"column":0},"end":{"line":280,"column":12}},"280":{"start":{"line":281,"column":0},"end":{"line":281,"column":26}},"281":{"start":{"line":282,"column":0},"end":{"line":282,"column":22}},"282":{"start":{"line":283,"column":0},"end":{"line":283,"column":23}},"283":{"start":{"line":284,"column":0},"end":{"line":284,"column":15}},"284":{"start":{"line":285,"column":0},"end":{"line":285,"column":21}},"285":{"start":{"line":286,"column":0},"end":{"line":286,"column":15}},"286":{"start":{"line":287,"column":0},"end":{"line":287,"column":46}},"287":{"start":{"line":288,"column":0},"end":{"line":288,"column":59}},"288":{"start":{"line":289,"column":0},"end":{"line":289,"column":8}},"289":{"start":{"line":290,"column":0},"end":{"line":290,"column":17}},"290":{"start":{"line":291,"column":0},"end":{"line":291,"column":46}},"291":{"start":{"line":292,"column":0},"end":{"line":292,"column":59}},"292":{"start":{"line":293,"column":0},"end":{"line":293,"column":8}},"293":{"start":{"line":294,"column":0},"end":{"line":294,"column":71}},"294":{"start":{"line":295,"column":0},"end":{"line":295,"column":16}},"295":{"start":{"line":296,"column":0},"end":{"line":296,"column":52}},"296":{"start":{"line":297,"column":0},"end":{"line":297,"column":52}},"297":{"start":{"line":298,"column":0},"end":{"line":298,"column":52}},"298":{"start":{"line":299,"column":0},"end":{"line":299,"column":52}},"299":{"start":{"line":300,"column":0},"end":{"line":300,"column":53}},"300":{"start":{"line":301,"column":0},"end":{"line":301,"column":53}},"301":{"start":{"line":302,"column":0},"end":{"line":302,"column":53}},"302":{"start":{"line":303,"column":0},"end":{"line":303,"column":53}},"303":{"start":{"line":304,"column":0},"end":{"line":304,"column":53}},"304":{"start":{"line":305,"column":0},"end":{"line":305,"column":53}},"305":{"start":{"line":306,"column":0},"end":{"line":306,"column":53}},"306":{"start":{"line":307,"column":0},"end":{"line":307,"column":53}},"307":{"start":{"line":308,"column":0},"end":{"line":308,"column":53}},"308":{"start":{"line":309,"column":0},"end":{"line":309,"column":53}},"309":{"start":{"line":310,"column":0},"end":{"line":310,"column":53}},"310":{"start":{"line":311,"column":0},"end":{"line":311,"column":53}},"311":{"start":{"line":312,"column":0},"end":{"line":312,"column":53}},"312":{"start":{"line":313,"column":0},"end":{"line":313,"column":53}},"313":{"start":{"line":314,"column":0},"end":{"line":314,"column":53}},"314":{"start":{"line":315,"column":0},"end":{"line":315,"column":53}},"315":{"start":{"line":316,"column":0},"end":{"line":316,"column":53}},"316":{"start":{"line":317,"column":0},"end":{"line":317,"column":53}},"317":{"start":{"line":318,"column":0},"end":{"line":318,"column":53}},"318":{"start":{"line":319,"column":0},"end":{"line":319,"column":53}},"319":{"start":{"line":320,"column":0},"end":{"line":320,"column":53}},"320":{"start":{"line":321,"column":0},"end":{"line":321,"column":53}},"321":{"start":{"line":322,"column":0},"end":{"line":322,"column":53}},"322":{"start":{"line":323,"column":0},"end":{"line":323,"column":53}},"323":{"start":{"line":324,"column":0},"end":{"line":324,"column":53}},"324":{"start":{"line":325,"column":0},"end":{"line":325,"column":53}},"325":{"start":{"line":326,"column":0},"end":{"line":326,"column":53}},"326":{"start":{"line":327,"column":0},"end":{"line":327,"column":53}},"327":{"start":{"line":328,"column":0},"end":{"line":328,"column":53}},"328":{"start":{"line":329,"column":0},"end":{"line":329,"column":53}},"329":{"start":{"line":330,"column":0},"end":{"line":330,"column":53}},"330":{"start":{"line":331,"column":0},"end":{"line":331,"column":53}},"331":{"start":{"line":332,"column":0},"end":{"line":332,"column":53}},"332":{"start":{"line":333,"column":0},"end":{"line":333,"column":53}},"333":{"start":{"line":334,"column":0},"end":{"line":334,"column":53}},"334":{"start":{"line":335,"column":0},"end":{"line":335,"column":8}},"335":{"start":{"line":336,"column":0},"end":{"line":336,"column":57}},"336":{"start":{"line":337,"column":0},"end":{"line":337,"column":42}},"337":{"start":{"line":338,"column":0},"end":{"line":338,"column":6}},"338":{"start":{"line":339,"column":0},"end":{"line":339,"column":5}},"339":{"start":{"line":340,"column":0},"end":{"line":340,"column":12}},"340":{"start":{"line":341,"column":0},"end":{"line":341,"column":40}},"341":{"start":{"line":342,"column":0},"end":{"line":342,"column":22}},"342":{"start":{"line":343,"column":0},"end":{"line":343,"column":23}},"343":{"start":{"line":344,"column":0},"end":{"line":344,"column":15}},"344":{"start":{"line":345,"column":0},"end":{"line":345,"column":23}},"345":{"start":{"line":346,"column":0},"end":{"line":346,"column":15}},"346":{"start":{"line":347,"column":0},"end":{"line":347,"column":25}},"347":{"start":{"line":348,"column":0},"end":{"line":348,"column":58}},"348":{"start":{"line":349,"column":0},"end":{"line":349,"column":8}},"349":{"start":{"line":350,"column":0},"end":{"line":350,"column":17}},"350":{"start":{"line":351,"column":0},"end":{"line":351,"column":25}},"351":{"start":{"line":352,"column":0},"end":{"line":352,"column":58}},"352":{"start":{"line":353,"column":0},"end":{"line":353,"column":8}},"353":{"start":{"line":354,"column":0},"end":{"line":354,"column":71}},"354":{"start":{"line":355,"column":0},"end":{"line":355,"column":62}},"355":{"start":{"line":356,"column":0},"end":{"line":356,"column":57}},"356":{"start":{"line":357,"column":0},"end":{"line":357,"column":42}},"357":{"start":{"line":358,"column":0},"end":{"line":358,"column":6}},"358":{"start":{"line":359,"column":0},"end":{"line":359,"column":5}},"359":{"start":{"line":360,"column":0},"end":{"line":360,"column":12}},"360":{"start":{"line":361,"column":0},"end":{"line":361,"column":31}},"361":{"start":{"line":362,"column":0},"end":{"line":362,"column":24}},"362":{"start":{"line":363,"column":0},"end":{"line":363,"column":23}},"363":{"start":{"line":364,"column":0},"end":{"line":364,"column":33}},"364":{"start":{"line":365,"column":0},"end":{"line":365,"column":21}},"365":{"start":{"line":366,"column":0},"end":{"line":366,"column":15}},"366":{"start":{"line":367,"column":0},"end":{"line":367,"column":46}},"367":{"start":{"line":368,"column":0},"end":{"line":368,"column":59}},"368":{"start":{"line":369,"column":0},"end":{"line":369,"column":8}},"369":{"start":{"line":370,"column":0},"end":{"line":370,"column":17}},"370":{"start":{"line":371,"column":0},"end":{"line":371,"column":43}},"371":{"start":{"line":372,"column":0},"end":{"line":372,"column":59}},"372":{"start":{"line":373,"column":0},"end":{"line":373,"column":8}},"373":{"start":{"line":374,"column":0},"end":{"line":374,"column":71}},"374":{"start":{"line":375,"column":0},"end":{"line":375,"column":16}},"375":{"start":{"line":376,"column":0},"end":{"line":376,"column":53}},"376":{"start":{"line":377,"column":0},"end":{"line":377,"column":53}},"377":{"start":{"line":378,"column":0},"end":{"line":378,"column":8}},"378":{"start":{"line":379,"column":0},"end":{"line":379,"column":57}},"379":{"start":{"line":380,"column":0},"end":{"line":380,"column":42}},"380":{"start":{"line":381,"column":0},"end":{"line":381,"column":6}},"381":{"start":{"line":382,"column":0},"end":{"line":382,"column":5}},"382":{"start":{"line":383,"column":0},"end":{"line":383,"column":12}},"383":{"start":{"line":384,"column":0},"end":{"line":384,"column":31}},"384":{"start":{"line":385,"column":0},"end":{"line":385,"column":21}},"385":{"start":{"line":386,"column":0},"end":{"line":386,"column":23}},"386":{"start":{"line":387,"column":0},"end":{"line":387,"column":15}},"387":{"start":{"line":388,"column":0},"end":{"line":388,"column":21}},"388":{"start":{"line":389,"column":0},"end":{"line":389,"column":15}},"389":{"start":{"line":390,"column":0},"end":{"line":390,"column":24}},"390":{"start":{"line":391,"column":0},"end":{"line":391,"column":16}},"391":{"start":{"line":392,"column":0},"end":{"line":392,"column":8}},"392":{"start":{"line":393,"column":0},"end":{"line":393,"column":17}},"393":{"start":{"line":394,"column":0},"end":{"line":394,"column":33}},"394":{"start":{"line":395,"column":0},"end":{"line":395,"column":58}},"395":{"start":{"line":396,"column":0},"end":{"line":396,"column":8}},"396":{"start":{"line":397,"column":0},"end":{"line":397,"column":71}},"397":{"start":{"line":398,"column":0},"end":{"line":398,"column":62}},"398":{"start":{"line":399,"column":0},"end":{"line":399,"column":57}},"399":{"start":{"line":400,"column":0},"end":{"line":400,"column":42}},"400":{"start":{"line":401,"column":0},"end":{"line":401,"column":6}},"401":{"start":{"line":402,"column":0},"end":{"line":402,"column":5}},"402":{"start":{"line":403,"column":0},"end":{"line":403,"column":12}},"403":{"start":{"line":404,"column":0},"end":{"line":404,"column":30}},"404":{"start":{"line":405,"column":0},"end":{"line":405,"column":21}},"405":{"start":{"line":406,"column":0},"end":{"line":406,"column":23}},"406":{"start":{"line":407,"column":0},"end":{"line":407,"column":15}},"407":{"start":{"line":408,"column":0},"end":{"line":408,"column":21}},"408":{"start":{"line":409,"column":0},"end":{"line":409,"column":15}},"409":{"start":{"line":410,"column":0},"end":{"line":410,"column":46}},"410":{"start":{"line":411,"column":0},"end":{"line":411,"column":59}},"411":{"start":{"line":412,"column":0},"end":{"line":412,"column":8}},"412":{"start":{"line":413,"column":0},"end":{"line":413,"column":17}},"413":{"start":{"line":414,"column":0},"end":{"line":414,"column":46}},"414":{"start":{"line":415,"column":0},"end":{"line":415,"column":59}},"415":{"start":{"line":416,"column":0},"end":{"line":416,"column":8}},"416":{"start":{"line":417,"column":0},"end":{"line":417,"column":71}},"417":{"start":{"line":418,"column":0},"end":{"line":418,"column":62}},"418":{"start":{"line":419,"column":0},"end":{"line":419,"column":57}},"419":{"start":{"line":420,"column":0},"end":{"line":420,"column":42}},"420":{"start":{"line":421,"column":0},"end":{"line":421,"column":6}},"421":{"start":{"line":422,"column":0},"end":{"line":422,"column":5}},"422":{"start":{"line":423,"column":0},"end":{"line":423,"column":13}},"423":{"start":{"line":424,"column":0},"end":{"line":424,"column":25}},"424":{"start":{"line":425,"column":0},"end":{"line":425,"column":21}},"425":{"start":{"line":426,"column":0},"end":{"line":426,"column":23}},"426":{"start":{"line":427,"column":0},"end":{"line":427,"column":49}},"427":{"start":{"line":428,"column":0},"end":{"line":428,"column":21}},"428":{"start":{"line":429,"column":0},"end":{"line":429,"column":15}},"429":{"start":{"line":430,"column":0},"end":{"line":430,"column":24}},"430":{"start":{"line":431,"column":0},"end":{"line":431,"column":16}},"431":{"start":{"line":432,"column":0},"end":{"line":432,"column":8}},"432":{"start":{"line":433,"column":0},"end":{"line":433,"column":17}},"433":{"start":{"line":434,"column":0},"end":{"line":434,"column":34}},"434":{"start":{"line":435,"column":0},"end":{"line":435,"column":58}},"435":{"start":{"line":436,"column":0},"end":{"line":436,"column":8}},"436":{"start":{"line":437,"column":0},"end":{"line":437,"column":72}},"437":{"start":{"line":438,"column":0},"end":{"line":438,"column":62}},"438":{"start":{"line":439,"column":0},"end":{"line":439,"column":58}},"439":{"start":{"line":440,"column":0},"end":{"line":440,"column":42}},"440":{"start":{"line":441,"column":0},"end":{"line":441,"column":6}},"441":{"start":{"line":442,"column":0},"end":{"line":442,"column":5}},"442":{"start":{"line":443,"column":0},"end":{"line":443,"column":13}},"443":{"start":{"line":444,"column":0},"end":{"line":444,"column":30}},"444":{"start":{"line":445,"column":0},"end":{"line":445,"column":21}},"445":{"start":{"line":446,"column":0},"end":{"line":446,"column":23}},"446":{"start":{"line":447,"column":0},"end":{"line":447,"column":15}},"447":{"start":{"line":448,"column":0},"end":{"line":448,"column":21}},"448":{"start":{"line":449,"column":0},"end":{"line":449,"column":15}},"449":{"start":{"line":450,"column":0},"end":{"line":450,"column":30}},"450":{"start":{"line":451,"column":0},"end":{"line":451,"column":58}},"451":{"start":{"line":452,"column":0},"end":{"line":452,"column":8}},"452":{"start":{"line":453,"column":0},"end":{"line":453,"column":17}},"453":{"start":{"line":454,"column":0},"end":{"line":454,"column":46}},"454":{"start":{"line":455,"column":0},"end":{"line":455,"column":59}},"455":{"start":{"line":456,"column":0},"end":{"line":456,"column":8}},"456":{"start":{"line":457,"column":0},"end":{"line":457,"column":72}},"457":{"start":{"line":458,"column":0},"end":{"line":458,"column":62}},"458":{"start":{"line":459,"column":0},"end":{"line":459,"column":58}},"459":{"start":{"line":460,"column":0},"end":{"line":460,"column":42}},"460":{"start":{"line":461,"column":0},"end":{"line":461,"column":6}},"461":{"start":{"line":462,"column":0},"end":{"line":462,"column":5}},"462":{"start":{"line":463,"column":0},"end":{"line":463,"column":13}},"463":{"start":{"line":464,"column":0},"end":{"line":464,"column":24}},"464":{"start":{"line":465,"column":0},"end":{"line":465,"column":21}},"465":{"start":{"line":466,"column":0},"end":{"line":466,"column":23}},"466":{"start":{"line":467,"column":0},"end":{"line":467,"column":15}},"467":{"start":{"line":468,"column":0},"end":{"line":468,"column":21}},"468":{"start":{"line":469,"column":0},"end":{"line":469,"column":15}},"469":{"start":{"line":470,"column":0},"end":{"line":470,"column":30}},"470":{"start":{"line":471,"column":0},"end":{"line":471,"column":58}},"471":{"start":{"line":472,"column":0},"end":{"line":472,"column":8}},"472":{"start":{"line":473,"column":0},"end":{"line":473,"column":17}},"473":{"start":{"line":474,"column":0},"end":{"line":474,"column":29}},"474":{"start":{"line":475,"column":0},"end":{"line":475,"column":58}},"475":{"start":{"line":476,"column":0},"end":{"line":476,"column":8}},"476":{"start":{"line":477,"column":0},"end":{"line":477,"column":72}},"477":{"start":{"line":478,"column":0},"end":{"line":478,"column":61}},"478":{"start":{"line":479,"column":0},"end":{"line":479,"column":58}},"479":{"start":{"line":480,"column":0},"end":{"line":480,"column":42}},"480":{"start":{"line":481,"column":0},"end":{"line":481,"column":6}},"481":{"start":{"line":482,"column":0},"end":{"line":482,"column":5}},"482":{"start":{"line":483,"column":0},"end":{"line":483,"column":13}},"483":{"start":{"line":484,"column":0},"end":{"line":484,"column":27}},"484":{"start":{"line":485,"column":0},"end":{"line":485,"column":24}},"485":{"start":{"line":486,"column":0},"end":{"line":486,"column":23}},"486":{"start":{"line":487,"column":0},"end":{"line":487,"column":15}},"487":{"start":{"line":488,"column":0},"end":{"line":488,"column":24}},"488":{"start":{"line":489,"column":0},"end":{"line":489,"column":15}},"489":{"start":{"line":490,"column":0},"end":{"line":490,"column":24}},"490":{"start":{"line":491,"column":0},"end":{"line":491,"column":16}},"491":{"start":{"line":492,"column":0},"end":{"line":492,"column":8}},"492":{"start":{"line":493,"column":0},"end":{"line":493,"column":17}},"493":{"start":{"line":494,"column":0},"end":{"line":494,"column":46}},"494":{"start":{"line":495,"column":0},"end":{"line":495,"column":59}},"495":{"start":{"line":496,"column":0},"end":{"line":496,"column":8}},"496":{"start":{"line":497,"column":0},"end":{"line":497,"column":72}},"497":{"start":{"line":498,"column":0},"end":{"line":498,"column":62}},"498":{"start":{"line":499,"column":0},"end":{"line":499,"column":58}},"499":{"start":{"line":500,"column":0},"end":{"line":500,"column":42}},"500":{"start":{"line":501,"column":0},"end":{"line":501,"column":6}},"501":{"start":{"line":502,"column":0},"end":{"line":502,"column":5}},"502":{"start":{"line":503,"column":0},"end":{"line":503,"column":13}},"503":{"start":{"line":504,"column":0},"end":{"line":504,"column":26}},"504":{"start":{"line":505,"column":0},"end":{"line":505,"column":24}},"505":{"start":{"line":506,"column":0},"end":{"line":506,"column":23}},"506":{"start":{"line":507,"column":0},"end":{"line":507,"column":15}},"507":{"start":{"line":508,"column":0},"end":{"line":508,"column":21}},"508":{"start":{"line":509,"column":0},"end":{"line":509,"column":15}},"509":{"start":{"line":510,"column":0},"end":{"line":510,"column":24}},"510":{"start":{"line":511,"column":0},"end":{"line":511,"column":16}},"511":{"start":{"line":512,"column":0},"end":{"line":512,"column":8}},"512":{"start":{"line":513,"column":0},"end":{"line":513,"column":17}},"513":{"start":{"line":514,"column":0},"end":{"line":514,"column":33}},"514":{"start":{"line":515,"column":0},"end":{"line":515,"column":58}},"515":{"start":{"line":516,"column":0},"end":{"line":516,"column":8}},"516":{"start":{"line":517,"column":0},"end":{"line":517,"column":72}},"517":{"start":{"line":518,"column":0},"end":{"line":518,"column":62}},"518":{"start":{"line":519,"column":0},"end":{"line":519,"column":58}},"519":{"start":{"line":520,"column":0},"end":{"line":520,"column":42}},"520":{"start":{"line":521,"column":0},"end":{"line":521,"column":6}},"521":{"start":{"line":522,"column":0},"end":{"line":522,"column":5}},"522":{"start":{"line":523,"column":0},"end":{"line":523,"column":13}},"523":{"start":{"line":524,"column":0},"end":{"line":524,"column":25}},"524":{"start":{"line":525,"column":0},"end":{"line":525,"column":24}},"525":{"start":{"line":526,"column":0},"end":{"line":526,"column":23}},"526":{"start":{"line":527,"column":0},"end":{"line":527,"column":15}},"527":{"start":{"line":528,"column":0},"end":{"line":528,"column":21}},"528":{"start":{"line":529,"column":0},"end":{"line":529,"column":15}},"529":{"start":{"line":530,"column":0},"end":{"line":530,"column":24}},"530":{"start":{"line":531,"column":0},"end":{"line":531,"column":16}},"531":{"start":{"line":532,"column":0},"end":{"line":532,"column":8}},"532":{"start":{"line":533,"column":0},"end":{"line":533,"column":17}},"533":{"start":{"line":534,"column":0},"end":{"line":534,"column":33}},"534":{"start":{"line":535,"column":0},"end":{"line":535,"column":58}},"535":{"start":{"line":536,"column":0},"end":{"line":536,"column":8}},"536":{"start":{"line":537,"column":0},"end":{"line":537,"column":72}},"537":{"start":{"line":538,"column":0},"end":{"line":538,"column":62}},"538":{"start":{"line":539,"column":0},"end":{"line":539,"column":58}},"539":{"start":{"line":540,"column":0},"end":{"line":540,"column":42}},"540":{"start":{"line":541,"column":0},"end":{"line":541,"column":6}},"541":{"start":{"line":542,"column":0},"end":{"line":542,"column":5}},"542":{"start":{"line":543,"column":0},"end":{"line":543,"column":13}},"543":{"start":{"line":544,"column":0},"end":{"line":544,"column":27}},"544":{"start":{"line":545,"column":0},"end":{"line":545,"column":21}},"545":{"start":{"line":546,"column":0},"end":{"line":546,"column":23}},"546":{"start":{"line":547,"column":0},"end":{"line":547,"column":23}},"547":{"start":{"line":548,"column":0},"end":{"line":548,"column":21}},"548":{"start":{"line":549,"column":0},"end":{"line":549,"column":15}},"549":{"start":{"line":550,"column":0},"end":{"line":550,"column":24}},"550":{"start":{"line":551,"column":0},"end":{"line":551,"column":16}},"551":{"start":{"line":552,"column":0},"end":{"line":552,"column":8}},"552":{"start":{"line":553,"column":0},"end":{"line":553,"column":17}},"553":{"start":{"line":554,"column":0},"end":{"line":554,"column":46}},"554":{"start":{"line":555,"column":0},"end":{"line":555,"column":59}},"555":{"start":{"line":556,"column":0},"end":{"line":556,"column":8}},"556":{"start":{"line":557,"column":0},"end":{"line":557,"column":72}},"557":{"start":{"line":558,"column":0},"end":{"line":558,"column":62}},"558":{"start":{"line":559,"column":0},"end":{"line":559,"column":58}},"559":{"start":{"line":560,"column":0},"end":{"line":560,"column":42}},"560":{"start":{"line":561,"column":0},"end":{"line":561,"column":6}},"561":{"start":{"line":562,"column":0},"end":{"line":562,"column":5}},"562":{"start":{"line":563,"column":0},"end":{"line":563,"column":13}},"563":{"start":{"line":564,"column":0},"end":{"line":564,"column":20}},"564":{"start":{"line":565,"column":0},"end":{"line":565,"column":22}},"565":{"start":{"line":566,"column":0},"end":{"line":566,"column":23}},"566":{"start":{"line":567,"column":0},"end":{"line":567,"column":15}},"567":{"start":{"line":568,"column":0},"end":{"line":568,"column":23}},"568":{"start":{"line":569,"column":0},"end":{"line":569,"column":15}},"569":{"start":{"line":570,"column":0},"end":{"line":570,"column":30}},"570":{"start":{"line":571,"column":0},"end":{"line":571,"column":58}},"571":{"start":{"line":572,"column":0},"end":{"line":572,"column":8}},"572":{"start":{"line":573,"column":0},"end":{"line":573,"column":17}},"573":{"start":{"line":574,"column":0},"end":{"line":574,"column":29}},"574":{"start":{"line":575,"column":0},"end":{"line":575,"column":58}},"575":{"start":{"line":576,"column":0},"end":{"line":576,"column":8}},"576":{"start":{"line":577,"column":0},"end":{"line":577,"column":72}},"577":{"start":{"line":578,"column":0},"end":{"line":578,"column":61}},"578":{"start":{"line":579,"column":0},"end":{"line":579,"column":58}},"579":{"start":{"line":580,"column":0},"end":{"line":580,"column":42}},"580":{"start":{"line":581,"column":0},"end":{"line":581,"column":6}},"581":{"start":{"line":582,"column":0},"end":{"line":582,"column":5}},"582":{"start":{"line":583,"column":0},"end":{"line":583,"column":13}},"583":{"start":{"line":584,"column":0},"end":{"line":584,"column":28}},"584":{"start":{"line":585,"column":0},"end":{"line":585,"column":22}},"585":{"start":{"line":586,"column":0},"end":{"line":586,"column":23}},"586":{"start":{"line":587,"column":0},"end":{"line":587,"column":34}},"587":{"start":{"line":588,"column":0},"end":{"line":588,"column":21}},"588":{"start":{"line":589,"column":0},"end":{"line":589,"column":15}},"589":{"start":{"line":590,"column":0},"end":{"line":590,"column":24}},"590":{"start":{"line":591,"column":0},"end":{"line":591,"column":16}},"591":{"start":{"line":592,"column":0},"end":{"line":592,"column":8}},"592":{"start":{"line":593,"column":0},"end":{"line":593,"column":17}},"593":{"start":{"line":594,"column":0},"end":{"line":594,"column":33}},"594":{"start":{"line":595,"column":0},"end":{"line":595,"column":58}},"595":{"start":{"line":596,"column":0},"end":{"line":596,"column":8}},"596":{"start":{"line":597,"column":0},"end":{"line":597,"column":72}},"597":{"start":{"line":598,"column":0},"end":{"line":598,"column":16}},"598":{"start":{"line":599,"column":0},"end":{"line":599,"column":53}},"599":{"start":{"line":600,"column":0},"end":{"line":600,"column":53}},"600":{"start":{"line":601,"column":0},"end":{"line":601,"column":8}},"601":{"start":{"line":602,"column":0},"end":{"line":602,"column":58}},"602":{"start":{"line":603,"column":0},"end":{"line":603,"column":42}},"603":{"start":{"line":604,"column":0},"end":{"line":604,"column":6}},"604":{"start":{"line":605,"column":0},"end":{"line":605,"column":5}},"605":{"start":{"line":606,"column":0},"end":{"line":606,"column":13}},"606":{"start":{"line":607,"column":0},"end":{"line":607,"column":27}},"607":{"start":{"line":608,"column":0},"end":{"line":608,"column":24}},"608":{"start":{"line":609,"column":0},"end":{"line":609,"column":23}},"609":{"start":{"line":610,"column":0},"end":{"line":610,"column":34}},"610":{"start":{"line":611,"column":0},"end":{"line":611,"column":21}},"611":{"start":{"line":612,"column":0},"end":{"line":612,"column":15}},"612":{"start":{"line":613,"column":0},"end":{"line":613,"column":24}},"613":{"start":{"line":614,"column":0},"end":{"line":614,"column":16}},"614":{"start":{"line":615,"column":0},"end":{"line":615,"column":8}},"615":{"start":{"line":616,"column":0},"end":{"line":616,"column":17}},"616":{"start":{"line":617,"column":0},"end":{"line":617,"column":24}},"617":{"start":{"line":618,"column":0},"end":{"line":618,"column":16}},"618":{"start":{"line":619,"column":0},"end":{"line":619,"column":8}},"619":{"start":{"line":620,"column":0},"end":{"line":620,"column":72}},"620":{"start":{"line":621,"column":0},"end":{"line":621,"column":62}},"621":{"start":{"line":622,"column":0},"end":{"line":622,"column":58}},"622":{"start":{"line":623,"column":0},"end":{"line":623,"column":42}},"623":{"start":{"line":624,"column":0},"end":{"line":624,"column":6}},"624":{"start":{"line":625,"column":0},"end":{"line":625,"column":5}},"625":{"start":{"line":626,"column":0},"end":{"line":626,"column":13}},"626":{"start":{"line":627,"column":0},"end":{"line":627,"column":38}},"627":{"start":{"line":628,"column":0},"end":{"line":628,"column":24}},"628":{"start":{"line":629,"column":0},"end":{"line":629,"column":23}},"629":{"start":{"line":630,"column":0},"end":{"line":630,"column":42}},"630":{"start":{"line":631,"column":0},"end":{"line":631,"column":21}},"631":{"start":{"line":632,"column":0},"end":{"line":632,"column":15}},"632":{"start":{"line":633,"column":0},"end":{"line":633,"column":24}},"633":{"start":{"line":634,"column":0},"end":{"line":634,"column":16}},"634":{"start":{"line":635,"column":0},"end":{"line":635,"column":8}},"635":{"start":{"line":636,"column":0},"end":{"line":636,"column":17}},"636":{"start":{"line":637,"column":0},"end":{"line":637,"column":39}},"637":{"start":{"line":638,"column":0},"end":{"line":638,"column":58}},"638":{"start":{"line":639,"column":0},"end":{"line":639,"column":8}},"639":{"start":{"line":640,"column":0},"end":{"line":640,"column":72}},"640":{"start":{"line":641,"column":0},"end":{"line":641,"column":61}},"641":{"start":{"line":642,"column":0},"end":{"line":642,"column":58}},"642":{"start":{"line":643,"column":0},"end":{"line":643,"column":42}},"643":{"start":{"line":644,"column":0},"end":{"line":644,"column":6}},"644":{"start":{"line":645,"column":0},"end":{"line":645,"column":4}},"645":{"start":{"line":646,"column":0},"end":{"line":646,"column":2}},"647":{"start":{"line":648,"column":0},"end":{"line":648,"column":19}},"648":{"start":{"line":649,"column":0},"end":{"line":649,"column":3}},"649":{"start":{"line":650,"column":0},"end":{"line":650,"column":10}},"650":{"start":{"line":651,"column":0},"end":{"line":651,"column":24}},"651":{"start":{"line":652,"column":0},"end":{"line":652,"column":20}},"652":{"start":{"line":653,"column":0},"end":{"line":653,"column":21}},"653":{"start":{"line":654,"column":0},"end":{"line":654,"column":13}},"654":{"start":{"line":655,"column":0},"end":{"line":655,"column":19}},"655":{"start":{"line":656,"column":0},"end":{"line":656,"column":13}},"656":{"start":{"line":657,"column":0},"end":{"line":657,"column":22}},"657":{"start":{"line":658,"column":0},"end":{"line":658,"column":14}},"658":{"start":{"line":659,"column":0},"end":{"line":659,"column":6}},"659":{"start":{"line":660,"column":0},"end":{"line":660,"column":15}},"660":{"start":{"line":661,"column":0},"end":{"line":661,"column":31}},"661":{"start":{"line":662,"column":0},"end":{"line":662,"column":56}},"662":{"start":{"line":663,"column":0},"end":{"line":663,"column":6}},"663":{"start":{"line":664,"column":0},"end":{"line":664,"column":69}},"664":{"start":{"line":665,"column":0},"end":{"line":665,"column":59}},"665":{"start":{"line":666,"column":0},"end":{"line":666,"column":55}},"666":{"start":{"line":667,"column":0},"end":{"line":667,"column":40}},"667":{"start":{"line":668,"column":0},"end":{"line":668,"column":4}},"668":{"start":{"line":669,"column":0},"end":{"line":669,"column":3}},"669":{"start":{"line":670,"column":0},"end":{"line":670,"column":10}},"670":{"start":{"line":671,"column":0},"end":{"line":671,"column":25}},"671":{"start":{"line":672,"column":0},"end":{"line":672,"column":20}},"672":{"start":{"line":673,"column":0},"end":{"line":673,"column":21}},"673":{"start":{"line":674,"column":0},"end":{"line":674,"column":13}},"674":{"start":{"line":675,"column":0},"end":{"line":675,"column":21}},"675":{"start":{"line":676,"column":0},"end":{"line":676,"column":13}},"676":{"start":{"line":677,"column":0},"end":{"line":677,"column":44}},"677":{"start":{"line":678,"column":0},"end":{"line":678,"column":57}},"678":{"start":{"line":679,"column":0},"end":{"line":679,"column":6}},"679":{"start":{"line":680,"column":0},"end":{"line":680,"column":15}},"680":{"start":{"line":681,"column":0},"end":{"line":681,"column":44}},"681":{"start":{"line":682,"column":0},"end":{"line":682,"column":57}},"682":{"start":{"line":683,"column":0},"end":{"line":683,"column":6}},"683":{"start":{"line":684,"column":0},"end":{"line":684,"column":69}},"684":{"start":{"line":685,"column":0},"end":{"line":685,"column":59}},"685":{"start":{"line":686,"column":0},"end":{"line":686,"column":55}},"686":{"start":{"line":687,"column":0},"end":{"line":687,"column":40}},"687":{"start":{"line":688,"column":0},"end":{"line":688,"column":4}},"688":{"start":{"line":689,"column":0},"end":{"line":689,"column":3}},"689":{"start":{"line":690,"column":0},"end":{"line":690,"column":10}},"690":{"start":{"line":691,"column":0},"end":{"line":691,"column":23}},"691":{"start":{"line":692,"column":0},"end":{"line":692,"column":20}},"692":{"start":{"line":693,"column":0},"end":{"line":693,"column":21}},"693":{"start":{"line":694,"column":0},"end":{"line":694,"column":13}},"694":{"start":{"line":695,"column":0},"end":{"line":695,"column":21}},"695":{"start":{"line":696,"column":0},"end":{"line":696,"column":13}},"696":{"start":{"line":697,"column":0},"end":{"line":697,"column":44}},"697":{"start":{"line":698,"column":0},"end":{"line":698,"column":57}},"698":{"start":{"line":699,"column":0},"end":{"line":699,"column":6}},"699":{"start":{"line":700,"column":0},"end":{"line":700,"column":15}},"700":{"start":{"line":701,"column":0},"end":{"line":701,"column":44}},"701":{"start":{"line":702,"column":0},"end":{"line":702,"column":57}},"702":{"start":{"line":703,"column":0},"end":{"line":703,"column":6}},"703":{"start":{"line":704,"column":0},"end":{"line":704,"column":69}},"704":{"start":{"line":705,"column":0},"end":{"line":705,"column":14}},"705":{"start":{"line":706,"column":0},"end":{"line":706,"column":50}},"706":{"start":{"line":707,"column":0},"end":{"line":707,"column":50}},"707":{"start":{"line":708,"column":0},"end":{"line":708,"column":6}},"708":{"start":{"line":709,"column":0},"end":{"line":709,"column":55}},"709":{"start":{"line":710,"column":0},"end":{"line":710,"column":40}},"710":{"start":{"line":711,"column":0},"end":{"line":711,"column":4}},"711":{"start":{"line":712,"column":0},"end":{"line":712,"column":2}}},"s":{"0":1,"1":1,"2":1,"3":1,"4":1,"5":1,"6":1,"7":1,"8":1,"9":1,"10":1,"11":1,"12":1,"13":1,"14":1,"15":1,"16":1,"17":1,"18":1,"19":1,"20":1,"21":1,"22":1,"23":1,"24":1,"25":1,"26":1,"27":1,"28":1,"29":1,"30":1,"31":1,"32":1,"33":1,"34":1,"35":1,"36":1,"37":1,"38":1,"39":1,"40":1,"41":1,"42":1,"43":1,"44":1,"45":1,"46":1,"47":1,"48":1,"49":1,"50":1,"51":1,"52":1,"53":1,"54":1,"55":1,"56":1,"57":1,"58":1,"59":1,"60":1,"61":1,"62":1,"63":1,"64":1,"65":1,"66":1,"67":1,"68":1,"69":1,"70":1,"71":1,"72":1,"73":1,"74":1,"75":1,"76":1,"77":1,"78":1,"79":1,"80":1,"81":1,"82":1,"83":1,"84":1,"85":1,"86":1,"87":1,"88":1,"89":1,"90":1,"91":1,"92":1,"93":1,"94":1,"95":1,"96":1,"97":1,"98":1,"99":1,"100":1,"101":1,"102":1,"103":1,"104":1,"105":1,"106":1,"107":1,"108":1,"109":1,"110":1,"111":1,"112":1,"113":1,"114":1,"115":1,"116":1,"117":1,"118":1,"119":1,"120":1,"121":1,"122":1,"123":1,"124":1,"125":1,"126":1,"127":1,"128":1,"129":1,"130":1,"131":1,"132":1,"133":1,"134":1,"135":1,"136":1,"137":1,"138":1,"139":1,"140":1,"141":1,"142":1,"143":1,"144":1,"145":1,"146":1,"147":1,"148":1,"149":1,"150":1,"151":1,"152":1,"153":1,"154":1,"155":1,"156":1,"157":1,"158":1,"159":1,"160":1,"161":1,"162":1,"163":1,"164":1,"165":1,"166":1,"167":1,"168":1,"169":1,"170":1,"171":1,"172":1,"173":1,"174":1,"175":1,"176":1,"177":1,"178":1,"179":1,"180":1,"181":1,"182":1,"183":1,"184":1,"185":1,"186":1,"187":1,"188":1,"189":1,"190":1,"191":1,"192":1,"193":1,"194":1,"195":1,"196":1,"197":1,"198":1,"199":1,"200":1,"201":1,"202":1,"203":1,"204":1,"205":1,"206":1,"207":1,"208":1,"209":1,"210":1,"211":1,"212":1,"213":1,"214":1,"215":1,"216":1,"217":1,"218":1,"219":1,"220":1,"221":1,"222":1,"223":1,"224":1,"225":1,"226":1,"227":1,"228":1,"229":1,"230":1,"231":1,"232":1,"233":1,"234":1,"235":1,"236":1,"237":1,"238":1,"239":1,"240":1,"241":1,"242":1,"243":1,"244":1,"245":1,"246":1,"247":1,"248":1,"249":1,"250":1,"251":1,"252":1,"253":1,"254":1,"255":1,"256":1,"257":1,"258":1,"259":1,"260":1,"261":1,"262":1,"263":1,"264":1,"265":1,"266":1,"267":1,"268":1,"269":1,"270":1,"271":1,"272":1,"273":1,"274":1,"275":1,"276":1,"277":1,"278":1,"279":1,"280":1,"281":1,"282":1,"283":1,"284":1,"285":1,"286":1,"287":1,"288":1,"289":1,"290":1,"291":1,"292":1,"293":1,"294":1,"295":1,"296":1,"297":1,"298":1,"299":1,"300":1,"301":1,"302":1,"303":1,"304":1,"305":1,"306":1,"307":1,"308":1,"309":1,"310":1,"311":1,"312":1,"313":1,"314":1,"315":1,"316":1,"317":1,"318":1,"319":1,"320":1,"321":1,"322":1,"323":1,"324":1,"325":1,"326":1,"327":1,"328":1,"329":1,"330":1,"331":1,"332":1,"333":1,"334":1,"335":1,"336":1,"337":1,"338":1,"339":1,"340":1,"341":1,"342":1,"343":1,"344":1,"345":1,"346":1,"347":1,"348":1,"349":1,"350":1,"351":1,"352":1,"353":1,"354":1,"355":1,"356":1,"357":1,"358":1,"359":1,"360":1,"361":1,"362":1,"363":1,"364":1,"365":1,"366":1,"367":1,"368":1,"369":1,"370":1,"371":1,"372":1,"373":1,"374":1,"375":1,"376":1,"377":1,"378":1,"379":1,"380":1,"381":1,"382":1,"383":1,"384":1,"385":1,"386":1,"387":1,"388":1,"389":1,"390":1,"391":1,"392":1,"393":1,"394":1,"395":1,"396":1,"397":1,"398":1,"399":1,"400":1,"401":1,"402":1,"403":1,"404":1,"405":1,"406":1,"407":1,"408":1,"409":1,"410":1,"411":1,"412":1,"413":1,"414":1,"415":1,"416":1,"417":1,"418":1,"419":1,"420":1,"421":1,"422":1,"423":1,"424":1,"425":1,"426":1,"427":1,"428":1,"429":1,"430":1,"431":1,"432":1,"433":1,"434":1,"435":1,"436":1,"437":1,"438":1,"439":1,"440":1,"441":1,"442":1,"443":1,"444":1,"445":1,"446":1,"447":1,"448":1,"449":1,"450":1,"451":1,"452":1,"453":1,"454":1,"455":1,"456":1,"457":1,"458":1,"459":1,"460":1,"461":1,"462":1,"463":1,"464":1,"465":1,"466":1,"467":1,"468":1,"469":1,"470":1,"471":1,"472":1,"473":1,"474":1,"475":1,"476":1,"477":1,"478":1,"479":1,"480":1,"481":1,"482":1,"483":1,"484":1,"485":1,"486":1,"487":1,"488":1,"489":1,"490":1,"491":1,"492":1,"493":1,"494":1,"495":1,"496":1,"497":1,"498":1,"499":1,"500":1,"501":1,"502":1,"503":1,"504":1,"505":1,"506":1,"507":1,"508":1,"509":1,"510":1,"511":1,"512":1,"513":1,"514":1,"515":1,"516":1,"517":1,"518":1,"519":1,"520":1,"521":1,"522":1,"523":1,"524":1,"525":1,"526":1,"527":1,"528":1,"529":1,"530":1,"531":1,"532":1,"533":1,"534":1,"535":1,"536":1,"537":1,"538":1,"539":1,"540":1,"541":1,"542":1,"543":1,"544":1,"545":1,"546":1,"547":1,"548":1,"549":1,"550":1,"551":1,"552":1,"553":1,"554":1,"555":1,"556":1,"557":1,"558":1,"559":1,"560":1,"561":1,"562":1,"563":1,"564":1,"565":1,"566":1,"567":1,"568":1,"569":1,"570":1,"571":1,"572":1,"573":1,"574":1,"575":1,"576":1,"577":1,"578":1,"579":1,"580":1,"581":1,"582":1,"583":1,"584":1,"585":1,"586":1,"587":1,"588":1,"589":1,"590":1,"591":1,"592":1,"593":1,"594":1,"595":1,"596":1,"597":1,"598":1,"599":1,"600":1,"601":1,"602":1,"603":1,"604":1,"605":1,"606":1,"607":1,"608":1,"609":1,"610":1,"611":1,"612":1,"613":1,"614":1,"615":1,"616":1,"617":1,"618":1,"619":1,"620":1,"621":1,"622":1,"623":1,"624":1,"625":1,"626":1,"627":1,"628":1,"629":1,"630":1,"631":1,"632":1,"633":1,"634":1,"635":1,"636":1,"637":1,"638":1,"639":1,"640":1,"641":1,"642":1,"643":1,"644":1,"645":1,"647":1,"648":1,"649":1,"650":1,"651":1,"652":1,"653":1,"654":1,"655":1,"656":1,"657":1,"658":1,"659":1,"660":1,"661":1,"662":1,"663":1,"664":1,"665":1,"666":1,"667":1,"668":1,"669":1,"670":1,"671":1,"672":1,"673":1,"674":1,"675":1,"676":1,"677":1,"678":1,"679":1,"680":1,"681":1,"682":1,"683":1,"684":1,"685":1,"686":1,"687":1,"688":1,"689":1,"690":1,"691":1,"692":1,"693":1,"694":1,"695":1,"696":1,"697":1,"698":1,"699":1,"700":1,"701":1,"702":1,"703":1,"704":1,"705":1,"706":1,"707":1,"708":1,"709":1,"710":1,"711":1},"branchMap":{},"b":{},"fnMap":{},"f":{}}
,"C:\\Users\\Kanarskaya.E\\MyPet\\rsschool-react\\src\\pages\\MainPage.tsx": {"path":"C:\\Users\\Kanarskaya.E\\MyPet\\rsschool-react\\src\\pages\\MainPage.tsx","all":true,"statementMap":{"0":{"start":{"line":1,"column":0},"end":{"line":1,"column":44}},"1":{"start":{"line":2,"column":0},"end":{"line":2,"column":26}},"2":{"start":{"line":3,"column":0},"end":{"line":3,"column":61}},"3":{"start":{"line":4,"column":0},"end":{"line":4,"column":53}},"5":{"start":{"line":6,"column":0},"end":{"line":6,"column":49}},"6":{"start":{"line":7,"column":0},"end":{"line":7,"column":40}},"7":{"start":{"line":8,"column":0},"end":{"line":8,"column":65}},"8":{"start":{"line":9,"column":0},"end":{"line":9,"column":83}},"9":{"start":{"line":10,"column":0},"end":{"line":10,"column":56}},"11":{"start":{"line":12,"column":0},"end":{"line":12,"column":21}},"12":{"start":{"line":13,"column":0},"end":{"line":13,"column":33}},"13":{"start":{"line":14,"column":0},"end":{"line":14,"column":29}},"14":{"start":{"line":15,"column":0},"end":{"line":15,"column":70}},"15":{"start":{"line":16,"column":0},"end":{"line":16,"column":40}},"16":{"start":{"line":17,"column":0},"end":{"line":17,"column":44}},"17":{"start":{"line":18,"column":0},"end":{"line":18,"column":56}},"18":{"start":{"line":19,"column":0},"end":{"line":19,"column":52}},"19":{"start":{"line":20,"column":0},"end":{"line":20,"column":54}},"20":{"start":{"line":21,"column":0},"end":{"line":21,"column":79}},"21":{"start":{"line":22,"column":0},"end":{"line":22,"column":70}},"22":{"start":{"line":23,"column":0},"end":{"line":23,"column":74}},"23":{"start":{"line":24,"column":0},"end":{"line":24,"column":60}},"24":{"start":{"line":25,"column":0},"end":{"line":25,"column":47}},"25":{"start":{"line":26,"column":0},"end":{"line":26,"column":14}},"26":{"start":{"line":27,"column":0},"end":{"line":27,"column":34}},"27":{"start":{"line":28,"column":0},"end":{"line":28,"column":3}},"29":{"start":{"line":30,"column":0},"end":{"line":30,"column":36}},"30":{"start":{"line":31,"column":0},"end":{"line":31,"column":19}},"31":{"start":{"line":32,"column":0},"end":{"line":32,"column":4}},"33":{"start":{"line":34,"column":0},"end":{"line":34,"column":49}},"34":{"start":{"line":35,"column":0},"end":{"line":35,"column":23}},"36":{"start":{"line":37,"column":0},"end":{"line":37,"column":9}},"37":{"start":{"line":38,"column":0},"end":{"line":38,"column":63}},"38":{"start":{"line":39,"column":0},"end":{"line":39,"column":27}},"39":{"start":{"line":40,"column":0},"end":{"line":40,"column":28}},"40":{"start":{"line":41,"column":0},"end":{"line":41,"column":34}},"41":{"start":{"line":42,"column":0},"end":{"line":42,"column":26}},"42":{"start":{"line":43,"column":0},"end":{"line":43,"column":27}},"43":{"start":{"line":44,"column":0},"end":{"line":44,"column":21}},"44":{"start":{"line":45,"column":0},"end":{"line":45,"column":26}},"45":{"start":{"line":46,"column":0},"end":{"line":46,"column":26}},"46":{"start":{"line":47,"column":0},"end":{"line":47,"column":5}},"47":{"start":{"line":48,"column":0},"end":{"line":48,"column":4}},"49":{"start":{"line":50,"column":0},"end":{"line":50,"column":77}},"50":{"start":{"line":51,"column":0},"end":{"line":51,"column":23}},"52":{"start":{"line":53,"column":0},"end":{"line":53,"column":9}},"53":{"start":{"line":54,"column":0},"end":{"line":54,"column":67}},"54":{"start":{"line":55,"column":0},"end":{"line":55,"column":18}},"55":{"start":{"line":56,"column":0},"end":{"line":56,"column":37}},"56":{"start":{"line":57,"column":0},"end":{"line":57,"column":39}},"57":{"start":{"line":58,"column":0},"end":{"line":58,"column":26}},"58":{"start":{"line":59,"column":0},"end":{"line":59,"column":24}},"59":{"start":{"line":60,"column":0},"end":{"line":60,"column":28}},"60":{"start":{"line":61,"column":0},"end":{"line":61,"column":29}},"61":{"start":{"line":62,"column":0},"end":{"line":62,"column":43}},"62":{"start":{"line":63,"column":0},"end":{"line":63,"column":7}},"63":{"start":{"line":64,"column":0},"end":{"line":64,"column":21}},"64":{"start":{"line":65,"column":0},"end":{"line":65,"column":26}},"65":{"start":{"line":66,"column":0},"end":{"line":66,"column":26}},"66":{"start":{"line":67,"column":0},"end":{"line":67,"column":5}},"67":{"start":{"line":68,"column":0},"end":{"line":68,"column":4}},"69":{"start":{"line":70,"column":0},"end":{"line":70,"column":51}},"70":{"start":{"line":71,"column":0},"end":{"line":71,"column":25}},"71":{"start":{"line":72,"column":0},"end":{"line":72,"column":33}},"72":{"start":{"line":73,"column":0},"end":{"line":73,"column":68}},"73":{"start":{"line":74,"column":0},"end":{"line":74,"column":40}},"74":{"start":{"line":75,"column":0},"end":{"line":75,"column":51}},"75":{"start":{"line":76,"column":0},"end":{"line":76,"column":12}},"76":{"start":{"line":77,"column":0},"end":{"line":77,"column":51}},"77":{"start":{"line":78,"column":0},"end":{"line":78,"column":35}},"78":{"start":{"line":79,"column":0},"end":{"line":79,"column":5}},"79":{"start":{"line":80,"column":0},"end":{"line":80,"column":4}},"81":{"start":{"line":82,"column":0},"end":{"line":82,"column":19}},"82":{"start":{"line":83,"column":0},"end":{"line":83,"column":45}},"83":{"start":{"line":84,"column":0},"end":{"line":84,"column":50}},"84":{"start":{"line":85,"column":0},"end":{"line":85,"column":5}},"86":{"start":{"line":87,"column":0},"end":{"line":87,"column":14}},"87":{"start":{"line":88,"column":0},"end":{"line":88,"column":28}},"88":{"start":{"line":89,"column":0},"end":{"line":89,"column":35}},"89":{"start":{"line":90,"column":0},"end":{"line":90,"column":5}},"90":{"start":{"line":91,"column":0},"end":{"line":91,"column":45}},"92":{"start":{"line":93,"column":0},"end":{"line":93,"column":19}},"93":{"start":{"line":94,"column":0},"end":{"line":94,"column":42}},"94":{"start":{"line":95,"column":0},"end":{"line":95,"column":51}},"96":{"start":{"line":97,"column":0},"end":{"line":97,"column":46}},"97":{"start":{"line":98,"column":0},"end":{"line":98,"column":63}},"98":{"start":{"line":99,"column":0},"end":{"line":99,"column":14}},"99":{"start":{"line":100,"column":0},"end":{"line":100,"column":43}},"100":{"start":{"line":101,"column":0},"end":{"line":101,"column":7}},"101":{"start":{"line":102,"column":0},"end":{"line":102,"column":6}},"102":{"start":{"line":103,"column":0},"end":{"line":103,"column":23}},"103":{"start":{"line":104,"column":0},"end":{"line":104,"column":21}},"105":{"start":{"line":106,"column":0},"end":{"line":106,"column":10}},"106":{"start":{"line":107,"column":0},"end":{"line":107,"column":38}},"107":{"start":{"line":108,"column":0},"end":{"line":108,"column":85}},"109":{"start":{"line":110,"column":0},"end":{"line":110,"column":15}},"110":{"start":{"line":111,"column":0},"end":{"line":111,"column":41}},"111":{"start":{"line":112,"column":0},"end":{"line":112,"column":51}},"112":{"start":{"line":113,"column":0},"end":{"line":113,"column":12}},"113":{"start":{"line":114,"column":0},"end":{"line":114,"column":43}},"114":{"start":{"line":115,"column":0},"end":{"line":115,"column":37}},"115":{"start":{"line":116,"column":0},"end":{"line":116,"column":39}},"116":{"start":{"line":117,"column":0},"end":{"line":117,"column":22}},"117":{"start":{"line":118,"column":0},"end":{"line":118,"column":42}},"118":{"start":{"line":119,"column":0},"end":{"line":119,"column":63}},"120":{"start":{"line":121,"column":0},"end":{"line":121,"column":65}},"122":{"start":{"line":123,"column":0},"end":{"line":123,"column":14}},"123":{"start":{"line":124,"column":0},"end":{"line":124,"column":85}},"124":{"start":{"line":125,"column":0},"end":{"line":125,"column":12}},"125":{"start":{"line":126,"column":0},"end":{"line":126,"column":38}},"126":{"start":{"line":127,"column":0},"end":{"line":127,"column":96}},"128":{"start":{"line":129,"column":0},"end":{"line":129,"column":11}},"130":{"start":{"line":131,"column":0},"end":{"line":131,"column":1}},"131":{"start":{"line":132,"column":0},"end":{"line":132,"column":24}}},"s":{"0":0,"1":0,"2":0,"3":0,"5":0,"6":0,"7":0,"8":0,"9":0,"11":0,"12":0,"13":0,"14":0,"15":0,"16":0,"17":0,"18":0,"19":0,"20":0,"21":0,"22":0,"23":0,"24":0,"25":0,"26":0,"27":0,"29":0,"30":0,"31":0,"33":0,"34":0,"36":0,"37":0,"38":0,"39":0,"40":0,"41":0,"42":0,"43":0,"44":0,"45":0,"46":0,"47":0,"49":0,"50":0,"52":0,"53":0,"54":0,"55":0,"56":0,"57":0,"58":0,"59":0,"60":0,"61":0,"62":0,"63":0,"64":0,"65":0,"66":0,"67":0,"69":0,"70":0,"71":0,"72":0,"73":0,"74":0,"75":0,"76":0,"77":0,"78":0,"79":0,"81":0,"82":0,"83":0,"84":0,"86":0,"87":0,"88":0,"89":0,"90":0,"92":0,"93":0,"94":0,"96":0,"97":0,"98":0,"99":0,"100":0,"101":0,"102":0,"103":0,"105":0,"106":0,"107":0,"109":0,"110":0,"111":0,"112":0,"113":0,"114":0,"115":0,"116":0,"117":0,"118":0,"120":0,"122":0,"123":0,"124":0,"125":0,"126":0,"128":0,"130":0,"131":0},"branchMap":{"0":{"type":"branch","line":1,"loc":{"start":{"line":1,"column":0},"end":{"line":132,"column":-840}},"locations":[{"start":{"line":1,"column":0},"end":{"line":132,"column":-840}}]}},"b":{"0":[0]},"fnMap":{"0":{"name":"(empty-report)","decl":{"start":{"line":1,"column":0},"end":{"line":132,"column":-840}},"loc":{"start":{"line":1,"column":0},"end":{"line":132,"column":-840}},"line":1}},"f":{"0":0}}
,"C:\\Users\\Kanarskaya.E\\MyPet\\rsschool-react\\src\\types\\types.ts": {"path":"C:\\Users\\Kanarskaya.E\\MyPet\\rsschool-react\\src\\types\\types.ts","all":true,"statementMap":{},"s":{},"branchMap":{"0":{"type":"branch","line":1,"loc":{"start":{"line":1,"column":879},"end":{"line":55,"column":2}},"locations":[{"start":{"line":1,"column":879},"end":{"line":55,"column":2}}]}},"b":{"0":[1]},"fnMap":{"0":{"name":"(empty-report)","decl":{"start":{"line":1,"column":879},"end":{"line":55,"column":2}},"loc":{"start":{"line":1,"column":879},"end":{"line":55,"column":2}},"line":1}},"f":{"0":1}}
}
